
****** START ******


> client opens connection
> received: 0 : Operation successfull

** Expecting success **
> client opening file file1
> received: 0 : Operation successfull

** Expecting success **
> client opening file file2
> received: 0 : Operation successfull

** Expecting success **
> client opening file file3
> received: 0 : Operation successfull

** Expecting expelled **
> client opening file file4
> received: 8 : Some files were expelled

** Expecting expelled **
> client opening file file5
> received: 8 : Some files were expelled

** Expecting not found **
> client writing file file1
> received: 4 : Entity not found

** Expecting not found **
> client writing file file2
> received: 4 : Entity not found

** Expecting success **
> client writing file file3
> received: 0 : Operation successfull

** Expecting success **
> client writing file file4
> received: 0 : Operation successfull

** Expecting success **
> client writing file file5
> received: 0 : Operation successfull

** Expecting not found **
> client removing file file1
> received: 4 : Entity not found : 0

** Expecting not found **
> client removing file file2
> received: 4 : Entity not found : 0

** Expecting success **
> client removing file file3
> received: 0 : Operation successfull : 0

** Expecting not found **
> client reading file full
> received: 4 : Entity not found : 0

> client closing connection

****** END ******

