20:52:22.386 (WORKER 4) [OPEN CONNECTION]: Operation successfull
20:52:22.387 (WORKER 3) [OPEN CONNECTION]: Operation successfull
20:52:22.388 (WORKER 5) [OPEN CONNECTION]: Operation successfull
20:52:22.388 (WORKER 2) [OPEN CONNECTION]: Operation successfull
20:52:22.390 (WORKER 6) [OPEN CONNECTION]: Operation successfull
20:52:22.391 (WORKER 1) [OPEN CONNECTION]: Operation successfull
20:52:22.401 (WORKER 7) [OPEN CONNECTION]: Operation successfull
20:52:22.403 (WORKER 0) [OPEN FILE]: Operation successfull
20:52:22.403 (WORKER 4) [WRITE FILE]: Operation successfull
20:52:22.408 (WORKER 3) [OPEN FILE]: Operation successfull
20:52:22.409 (WORKER 5) [WRITE FILE]: Operation successfull
20:52:22.410 (WORKER 2) [OPEN FILE]: Operation successfull
20:52:22.410 (WORKER 6) [WRITE FILE]: Operation successfull
20:52:22.411 (WORKER 1) [OPEN FILE]: Operation successfull
20:52:22.411 (WORKER 7) [WRITE FILE]: Operation successfull
20:52:22.412 (WORKER 0) [OPEN FILE]: Operation successfull
20:52:22.412 (WORKER 4) [WRITE FILE]: Operation successfull
20:52:22.415 (WORKER 3) [OPEN FILE]: Operation successfull
20:52:22.415 (WORKER 5) [WRITE FILE]: Operation successfull
20:52:22.416 (WORKER 2) [OPEN FILE]: File already exists
20:52:22.417 (WORKER 6) [OPEN FILE]: File already exists
20:52:22.417 (WORKER 1) [OPEN FILE]: File already exists
20:52:22.417 (WORKER 7) [OPEN FILE]: File already exists
20:52:22.417 (WORKER 0) [OPEN FILE]: File already exists
20:52:22.420 (WORKER 4) [OPEN FILE]: File already exists
20:52:22.421 (WORKER 3) [OPEN FILE]: File already exists
20:52:22.422 (WORKER 6) [OPEN FILE]: File already exists
20:52:22.422 (WORKER 2) [OPEN FILE]: File already exists
20:52:22.422 (WORKER 5) [OPEN FILE]: File already exists
20:52:22.423 (WORKER 1) [OPEN FILE]: Operation successfull
20:52:22.423 (WORKER 0) [OPEN FILE]: Operation successfull
20:52:22.423 (WORKER 7) [OPEN FILE]: Operation successfull
20:52:22.424 (WORKER 4) [READ FILE]: Operation successfull
20:52:22.424 (WORKER 3) [READ FILE]: Operation successfull
20:52:22.424 (WORKER 6) [READ FILE]: Operation successfull
20:52:22.424 (WORKER 2) [OPEN FILE]: Operation successfull
20:52:22.424 (WORKER 5) [READ FILE]: Operation successfull
20:52:22.424 (WORKER 0) [OPEN FILE]: Operation successfull
20:52:22.424 (WORKER 1) [OPEN FILE]: Operation successfull
20:52:22.424 (WORKER 5) [CLOSE FILE]: Operation successfull
20:52:22.424 (WORKER 6) [READ FILE]: Operation successfull
20:52:22.424 (WORKER 4) [CLOSE FILE]: Operation successfull
20:52:22.424 (WORKER 3) [READ FILE]: Operation successfull
20:52:22.424 (WORKER 2) [CLOSE FILE]: Operation successfull
20:52:22.425 (WORKER 0) [CLOSE CONNECTION]: Operation successfull
20:52:22.425 (WORKER 7) [CLOSE FILE]: Operation successfull
20:52:22.425 (WORKER 1) [CLOSE FILE]: Operation successfull
20:52:22.425 (WORKER 5) [CLOSE FILE]: Operation successfull
20:52:22.425 (WORKER 6) [CLOSE FILE]: Operation successfull
20:52:22.425 (WORKER 4) [CLOSE FILE]: Operation successfull
20:52:22.425 (WORKER 3) [CLOSE FILE]: Operation successfull
20:52:22.425 (WORKER 2) [CLOSE CONNECTION]: Operation successfull
20:52:22.425 (WORKER 0) [CLOSE CONNECTION]: Operation successfull
20:52:22.430 (WORKER 7) [WRITE FILE]: File already exists
20:52:22.430 (WORKER 1) [WRITE FILE]: File already exists
20:52:22.431 (WORKER 5) [OPEN FILE]: Operation successfull
20:52:22.431 (WORKER 6) [READ FILE]: Operation successfull
20:52:22.432 (WORKER 3) [OPEN CONNECTION]: Operation successfull
20:52:22.433 (WORKER 0) [OPEN FILE]: File already exists
20:52:22.433 (WORKER 2) [OPEN FILE]: File already exists
20:52:22.433 (WORKER 7) [OPEN FILE]: Operation successfull
20:52:22.433 (WORKER 1) [OPEN FILE]: Operation successfull
20:52:22.433 (WORKER 5) [READ FILE]: Operation successfull
20:52:22.434 (WORKER 6) [OPEN FILE]: Operation successfull
20:52:22.434 (WORKER 3) [READ FILE]: Operation successfull
20:52:22.434 (WORKER 0) [READ FILE]: Operation successfull
20:52:22.434 (WORKER 2) [CLOSE FILE]: Operation successfull
20:52:22.434 (WORKER 7) [CLOSE FILE]: Operation successfull
20:52:22.434 (WORKER 1) [OPEN FILE]: Operation successfull
20:52:22.434 (WORKER 5) [CLOSE CONNECTION]: Operation successfull
20:52:22.434 (WORKER 6) [READ FILE]: Operation successfull
20:52:22.435 (WORKER 3) [CLOSE FILE]: Operation successfull
20:52:22.435 (WORKER 0) [CLOSE FILE]: Operation successfull
20:52:22.435 (WORKER 2) [CLOSE FILE]: Operation successfull
20:52:22.435 (WORKER 7) [CLOSE CONNECTION]: Operation successfull
20:52:22.436 (WORKER 1) [OPEN FILE]: File already exists
20:52:22.437 (WORKER 5) [READ FILE]: Operation successfull
20:52:22.437 (WORKER 6) [OPEN FILE]: Operation successfull
20:52:22.437 (WORKER 3) [READ FILE]: Operation successfull
20:52:22.437 (WORKER 0) [CLOSE FILE]: Operation successfull
20:52:22.437 (WORKER 2) [CLOSE FILE]: Operation successfull
20:52:22.437 (WORKER 7) [CLOSE CONNECTION]: Operation successfull
20:52:22.438 (WORKER 4) [READ FILE]: Operation successfull
20:52:22.438 (WORKER 1) [CLOSE FILE]: Operation successfull
20:52:22.438 (WORKER 5) [CLOSE FILE]: Operation successfull
20:52:22.438 (WORKER 6) [CLOSE CONNECTION]: Operation successfull
20:52:22.455 (WORKER 3) [OPEN FILE]: File already exists
20:52:22.460 (WORKER 0) [OPEN FILE]: File already exists
20:52:22.481 (WORKER 2) [OPEN CONNECTION]: Operation successfull
20:52:22.484 (WORKER 7) [OPEN CONNECTION]: Operation successfull
20:52:22.486 (WORKER 5) [OPEN CONNECTION]: Operation successfull
20:52:22.487 (WORKER 4) [OPEN CONNECTION]: Operation successfull
20:52:22.489 (WORKER 0) [OPEN CONNECTION]: Operation successfull
20:52:22.490 20:52:22.487 (WORKER 6) [OPEN CONNECTION]: Operation successfull
20:52:22.485 (WORKER 1) [OPEN CONNECTION]: Operation successfull
20:52:22.488 (WORKER 3) [OPEN CONNECTION]: Operation successfull
(WORKER 2) [OPEN CONNECTION]: Operation successfull
20:52:22.519 (WORKER 7) [OPEN FILE]: File already exists
20:52:22.521 (WORKER 7) [OPEN CONNECTION]: Operation successfull
20:52:22.523 (WORKER 7) [OPEN CONNECTION]: Operation successfull
20:52:22.524 (WORKER 7) [OPEN CONNECTION]: Operation successfull
20:52:22.526 (WORKER 7) [OPEN CONNECTION]: Operation successfull
20:52:22.527 (WORKER 7) [OPEN CONNECTION]: Operation successfull
20:52:22.528 (WORKER 7) [OPEN CONNECTION]: Operation successfull
20:52:22.530 (WORKER 7) [OPEN CONNECTION]: Operation successfull
20:52:22.530 (WORKER 7) [OPEN CONNECTION]: Operation successfull
20:52:22.530 (WORKER 7) [OPEN CONNECTION]: Operation successfull
20:52:22.530 (WORKER 7) [OPEN CONNECTION]: Operation successfull
20:52:22.532 (WORKER 7) [OPEN CONNECTION]: Operation successfull
20:52:22.532 (WORKER 7) [OPEN FILE]: Operation successfull
20:52:22.533 (WORKER 7) [OPEN FILE]: File already exists
20:52:22.533 (WORKER 7) [OPEN FILE]: File already exists
20:52:22.533 (WORKER 7) [OPEN FILE]: File already exists
20:52:22.541 (WORKER 7) [OPEN FILE]: File already exists
20:52:22.542 (WORKER 7) [OPEN FILE]: File already exists
20:52:22.542 (WORKER 7) [OPEN FILE]: File already exists
20:52:22.542 (WORKER 7) [OPEN FILE]: File already exists
20:52:22.542 (WORKER 7) [OPEN FILE]: File already exists
20:52:22.543 (WORKER 7) [OPEN FILE]: File already exists
20:52:22.543 (WORKER 7) [OPEN FILE]: File already exists
20:52:22.519 (WORKER 4) [OPEN CONNECTION]: Operation successfull
20:52:22.519 (WORKER 6) [OPEN CONNECTION]: Operation successfull
20:52:22.519 (WORKER 1) [OPEN CONNECTION]: Operation successfull
20:52:22.519 (WORKER 5) [OPEN CONNECTION]: Operation successfull
20:52:22.519 (WORKER 3) [OPEN CONNECTION]: Operation successfull
20:52:22.519 (WORKER 0) [OPEN CONNECTION]: Operation successfull
20:52:22.519 (WORKER 2) [OPEN CONNECTION]: Operation successfull
20:52:22.543 (WORKER 4) [READ FILE]: Operation successfull
20:52:22.543 (WORKER 4) [OPEN FILE]: File already exists
20:52:22.543 (WORKER 6) [OPEN FILE]: File already exists
20:52:22.544 (WORKER 1) [OPEN FILE]: File already exists
20:52:22.544 (WORKER 5) [OPEN FILE]: File already exists
20:52:22.558 (WORKER 5) [OPEN FILE]: File already exists
20:52:22.566 (WORKER 5) [OPEN FILE]: File already exists
20:52:22.571 (WORKER 5) [OPEN FILE]: Operation successfull
20:52:22.571 (WORKER 5) [OPEN FILE]: File already exists
20:52:22.572 (WORKER 5) [OPEN FILE]: File already exists
20:52:22.575 (WORKER 5) [OPEN FILE]: File already exists
20:52:22.580 (WORKER 5) [OPEN FILE]: File already exists
20:52:22.580 (WORKER 5) [OPEN FILE]: File already exists
20:52:22.580 (WORKER 5) [OPEN FILE]: File already exists
20:52:22.580 (WORKER 5) [OPEN FILE]: File already exists
20:52:22.580 (WORKER 5) [READ FILE]: Operation successfull
20:52:22.580 (WORKER 5) [OPEN CONNECTION]: Operation successfull
20:52:22.546 (WORKER 6) [OPEN FILE]: File already exists
20:52:22.544 (WORKER 0) [OPEN FILE]: File already exists
20:52:22.544 (WORKER 3) [OPEN FILE]: File already exists
20:52:22.546 (WORKER 4) [OPEN FILE]: File already exists
20:52:22.544 (WORKER 2) [OPEN FILE]: File already exists
20:52:22.546 (WORKER 7) [OPEN FILE]: File already exists
20:52:22.544 (WORKER 1) [OPEN FILE]: File already exists
20:52:22.604 (WORKER 5) [OPEN FILE]: File already exists
20:52:22.604 (WORKER 5) [OPEN FILE]: File already exists
20:52:22.604 (WORKER 6) [OPEN FILE]: File already exists
20:52:22.604 (WORKER 3) [OPEN FILE]: File already exists
20:52:22.605 (WORKER 4) [OPEN FILE]: Operation successfull
20:52:22.606 (WORKER 2) [CLOSE FILE]: Operation successfull
20:52:22.609 (WORKER 0) [CLOSE FILE]: Operation successfull
20:52:22.630 (WORKER 0) [OPEN CONNECTION]: Operation successfull
20:52:22.658 (WORKER 0) [OPEN CONNECTION]: Operation successfull
20:52:22.666 (WORKER 0) [OPEN CONNECTION]: Operation successfull
20:52:22.667 (WORKER 0) [OPEN CONNECTION]: Operation successfull
20:52:22.667 (WORKER 0) [OPEN CONNECTION]: Operation successfull
20:52:22.667 (WORKER 0) [OPEN CONNECTION]: Operation successfull
20:52:22.667 (WORKER 0) [OPEN CONNECTION]: Operation successfull
20:52:22.667 (WORKER 0) [OPEN CONNECTION]: Operation successfull
20:52:22.667 (WORKER 0) [OPEN CONNECTION]: Operation successfull
20:52:22.667 (WORKER 0) [OPEN CONNECTION]: Operation successfull
20:52:22.667 (WORKER 0) [OPEN CONNECTION]: Operation successfull
20:52:22.667 (WORKER 0) [OPEN CONNECTION]: Operation successfull
20:52:22.668 (WORKER 0) [OPEN CONNECTION]: Operation successfull
20:52:22.668 (WORKER 0) [OPEN CONNECTION]: Operation successfull
20:52:22.669 (WORKER 0) [OPEN CONNECTION]: Operation successfull
20:52:22.669 (WORKER 0) [OPEN FILE]: File already exists
20:52:22.669 (WORKER 0) [OPEN FILE]: File already exists
20:52:22.669 (WORKER 0) [OPEN FILE]: File already exists
20:52:22.669 (WORKER 0) [OPEN FILE]: File already exists
20:52:22.669 (WORKER 0) [OPEN FILE]: File already exists
20:52:22.669 (WORKER 0) [OPEN FILE]: File already exists
20:52:22.669 (WORKER 0) [OPEN FILE]: File already exists
20:52:22.669 (WORKER 0) [OPEN FILE]: File already exists
20:52:22.670 (WORKER 0) [OPEN FILE]: File already exists
20:52:22.670 (WORKER 0) [OPEN FILE]: File already exists
20:52:22.670 (WORKER 0) [OPEN FILE]: File already exists
20:52:22.670 (WORKER 0) [OPEN FILE]: File already exists
20:52:22.670 (WORKER 0) [OPEN FILE]: File already exists
20:52:22.670 (WORKER 0) [OPEN FILE]: File already exists
20:52:22.670 (WORKER 0) [OPEN FILE]: File already exists
20:52:22.670 (WORKER 0) [OPEN FILE]: File already exists
20:52:22.670 (WORKER 0) [OPEN FILE]: File already exists
20:52:22.670 (WORKER 0) [CLOSE CONNECTION]: Operation successfull
20:52:22.671 (WORKER 0) [OPEN CONNECTION]: Operation successfull
20:52:22.671 (WORKER 0) [OPEN CONNECTION]: Operation successfull
20:52:22.671 (WORKER 0) [OPEN CONNECTION]: Operation successfull
20:52:22.607 (WORKER 7) [READ FILE]: Operation successfull
20:52:22.627 (WORKER 6) [OPEN CONNECTION]: Operation successfull
20:52:22.627 (WORKER 4) [OPEN CONNECTION]: Operation successfull
20:52:22.607 (WORKER 1) [OPEN FILE]: Operation successfull
20:52:22.627 (WORKER 3) [OPEN CONNECTION]: Operation successfull
20:52:22.627 (WORKER 2) [OPEN CONNECTION]: Operation successfull
20:52:22.671 (WORKER 0) [OPEN FILE]: Operation successfull
20:52:22.627 (WORKER 5) [OPEN CONNECTION]: Operation successfull
20:52:22.671 (WORKER 7) [READ FILE]: Operation successfull
20:52:22.683 (WORKER 6) [OPEN FILE]: Operation successfull
20:52:22.683 (WORKER 4) [OPEN CONNECTION]: Operation successfull
20:52:22.691 (WORKER 3) [OPEN FILE]: File already exists
20:52:22.691 (WORKER 0) [OPEN FILE]: File already exists
20:52:22.691 (WORKER 7) [OPEN CONNECTION]: Operation successfull
20:52:22.691 (WORKER 2) [OPEN FILE]: File already exists
20:52:22.691 (WORKER 5) [OPEN CONNECTION]: Operation successfull
20:52:22.691 (WORKER 1) [READ FILE]: Operation successfull
20:52:22.730 (WORKER 4) [OPEN FILE]: File already exists
20:52:22.726 (WORKER 6) [OPEN FILE]: Operation successfull
20:52:22.731 (WORKER 3) [OPEN FILE]: File already exists
20:52:22.731 (WORKER 7) [OPEN FILE]: File already exists
20:52:22.731 (WORKER 2) [OPEN FILE]: File already exists
20:52:22.731 (WORKER 5) [READ FILE]: Operation successfull
20:52:22.731 (WORKER 0) [OPEN FILE]: File already exists
20:52:22.731 (WORKER 1) [CLOSE FILE]: Operation successfull
20:52:22.732 (WORKER 4) [OPEN FILE]: Operation successfull
20:52:22.732 (WORKER 6) [OPEN FILE]: File already exists
20:52:22.734 (WORKER 6) [OPEN CONNECTION]: Operation successfull
20:52:22.734 (WORKER 6) [OPEN CONNECTION]: Operation successfull
20:52:22.734 (WORKER 6) [OPEN CONNECTION]: Operation successfull
20:52:22.734 (WORKER 6) [OPEN CONNECTION]: Operation successfull
20:52:22.734 (WORKER 6) [OPEN CONNECTION]: Operation successfull
20:52:22.734 (WORKER 6) [OPEN CONNECTION]: Operation successfull
20:52:22.734 (WORKER 6) [OPEN CONNECTION]: Operation successfull
20:52:22.735 (WORKER 6) [OPEN CONNECTION]: Operation successfull
20:52:22.735 (WORKER 6) [OPEN CONNECTION]: Operation successfull
20:52:22.735 (WORKER 6) [OPEN CONNECTION]: Operation successfull
20:52:22.735 (WORKER 6) [OPEN CONNECTION]: Operation successfull
20:52:22.735 (WORKER 6) [OPEN CONNECTION]: Operation successfull
20:52:22.735 (WORKER 6) [OPEN CONNECTION]: Operation successfull
20:52:22.735 (WORKER 6) [OPEN CONNECTION]: Operation successfull
20:52:22.735 (WORKER 6) [OPEN CONNECTION]: Operation successfull
20:52:22.732 (WORKER 2) [OPEN CONNECTION]: Operation successfull
20:52:22.734 (WORKER 4) [OPEN CONNECTION]: Operation successfull
20:52:22.734 (WORKER 1) [OPEN CONNECTION]: Operation successfull
20:52:22.732 (WORKER 3) [OPEN FILE]: File already exists
20:52:22.734 (WORKER 0) [OPEN CONNECTION]: Operation successfull
20:52:22.732 (WORKER 7) [OPEN FILE]: File already exists
20:52:22.734 (WORKER 5) [OPEN CONNECTION]: Operation successfull
20:52:22.799 (WORKER 6) [OPEN CONNECTION]: Operation successfull
20:52:22.800 (WORKER 2) [OPEN CONNECTION]: Operation successfull
20:52:22.801 (WORKER 4) [OPEN CONNECTION]: Operation successfull
20:52:22.802 (WORKER 1) [OPEN CONNECTION]: Operation successfull
20:52:22.814 (WORKER 1) [OPEN FILE]: File already exists
20:52:22.824 (WORKER 1) [OPEN CONNECTION]: Operation successfull
20:52:22.829 (WORKER 1) [OPEN CONNECTION]: Operation successfull
20:52:22.830 (WORKER 1) [OPEN FILE]: Operation successfull
20:52:22.830 (WORKER 1) [CLOSE FILE]: Operation successfull
20:52:22.830 (WORKER 1) [READ FILE]: Operation successfull
20:52:22.830 (WORKER 1) [READ FILE]: Operation successfull
20:52:22.830 (WORKER 1) [OPEN FILE]: File already exists
20:52:22.831 (WORKER 1) [OPEN FILE]: File already exists
20:52:22.831 (WORKER 1) [OPEN FILE]: File already exists
20:52:22.831 (WORKER 1) [OPEN FILE]: File already exists
20:52:22.831 (WORKER 1) [OPEN CONNECTION]: Operation successfull
20:52:22.832 (WORKER 1) [OPEN CONNECTION]: Operation successfull
20:52:22.835 (WORKER 1) [OPEN CONNECTION]: Operation successfull
20:52:22.835 (WORKER 1) [OPEN CONNECTION]: Operation successfull
20:52:22.835 (WORKER 1) [OPEN CONNECTION]: Operation successfull
20:52:22.835 (WORKER 1) [OPEN CONNECTION]: Operation successfull
20:52:22.835 (WORKER 1) [OPEN CONNECTION]: Operation successfull
20:52:22.835 (WORKER 1) [OPEN FILE]: File already exists
20:52:22.835 (WORKER 1) [OPEN FILE]: File already exists
20:52:22.835 (WORKER 1) [OPEN FILE]: File already exists
20:52:22.836 (WORKER 1) [OPEN FILE]: File already exists
20:52:22.836 (WORKER 1) [OPEN CONNECTION]: Operation successfull
20:52:22.839 (WORKER 1) [OPEN CONNECTION]: Operation successfull
20:52:22.840 (WORKER 1) [OPEN CONNECTION]: Operation successfull
20:52:22.840 (WORKER 1) [OPEN CONNECTION]: Operation successfull
20:52:22.842 (WORKER 1) [OPEN CONNECTION]: Operation successfull
20:52:22.843 (WORKER 1) [OPEN CONNECTION]: Operation successfull
20:52:22.844 (WORKER 1) [OPEN CONNECTION]: Operation successfull
20:52:22.844 (WORKER 1) [OPEN CONNECTION]: Operation successfull
20:52:22.844 (WORKER 1) [OPEN CONNECTION]: Operation successfull
20:52:22.845 (WORKER 1) [OPEN CONNECTION]: Operation successfull
20:52:22.846 (WORKER 1) [OPEN CONNECTION]: Operation successfull
20:52:22.848 (WORKER 1) [OPEN CONNECTION]: Operation successfull
20:52:22.849 (WORKER 1) [OPEN FILE]: File already exists
20:52:22.849 (WORKER 1) [OPEN FILE]: File already exists
20:52:22.849 (WORKER 1) [OPEN FILE]: File already exists
20:52:22.849 (WORKER 1) [OPEN FILE]: File already exists
20:52:22.849 (WORKER 1) [OPEN FILE]: File already exists
20:52:22.849 (WORKER 1) [OPEN FILE]: File already exists
20:52:22.849 (WORKER 1) [OPEN FILE]: File already exists
20:52:22.850 (WORKER 1) [OPEN FILE]: File already exists
20:52:22.850 (WORKER 1) [OPEN FILE]: File already exists
20:52:22.850 (WORKER 1) [OPEN FILE]: File already exists
20:52:22.850 (WORKER 1) [OPEN FILE]: File already exists
20:52:22.850 (WORKER 1) [OPEN FILE]: File already exists
20:52:22.850 (WORKER 1) [OPEN FILE]: File already exists
20:52:22.850 (WORKER 1) [OPEN FILE]: File already exists
20:52:22.850 (WORKER 1) [OPEN FILE]: File already exists
20:52:22.851 (WORKER 1) [OPEN FILE]: File already exists
20:52:22.851 (WORKER 1) [OPEN FILE]: File already exists
20:52:22.851 (WORKER 1) [OPEN FILE]: File already exists
20:52:22.851 (WORKER 1) [OPEN FILE]: File already exists
20:52:22.851 (WORKER 1) [OPEN FILE]: File already exists
20:52:22.855 (WORKER 1) [OPEN FILE]: File already exists
20:52:22.855 (WORKER 1) [OPEN FILE]: File already exists
20:52:22.856 (WORKER 1) [OPEN FILE]: File already exists
20:52:22.856 (WORKER 1) [OPEN FILE]: File already exists
20:52:22.856 (WORKER 1) [OPEN FILE]: File already exists
20:52:22.856 (WORKER 1) [OPEN FILE]: File already exists
20:52:22.856 (WORKER 1) [READ FILE]: Operation successfull
20:52:22.856 (WORKER 1) [CLOSE CONNECTION]: Operation successfull
20:52:22.857 (WORKER 1) [CLOSE FILE]: Operation successfull
20:52:22.857 (WORKER 1) [OPEN FILE]: Operation successfull
20:52:22.857 (WORKER 1) [OPEN FILE]: Operation successfull
20:52:22.857 (WORKER 1) [OPEN FILE]: File already exists
20:52:22.857 (WORKER 1) [OPEN FILE]: File already exists
20:52:22.857 (WORKER 1) [OPEN FILE]: File already exists
20:52:22.857 (WORKER 1) [OPEN FILE]: File already exists
20:52:22.857 (WORKER 1) [OPEN FILE]: File already exists
20:52:22.857 (WORKER 1) [OPEN FILE]: File already exists
20:52:22.858 (WORKER 1) [OPEN FILE]: File already exists
20:52:22.858 (WORKER 1) [OPEN FILE]: File already exists
20:52:22.804 (WORKER 5) [OPEN FILE]: File already exists
20:52:22.858 (WORKER 5) [OPEN FILE]: File already exists
20:52:22.858 (WORKER 5) [OPEN FILE]: File already exists
20:52:22.859 (WORKER 5) [OPEN FILE]: File already exists
20:52:22.859 (WORKER 5) [OPEN FILE]: File already exists
20:52:22.859 (WORKER 5) [OPEN FILE]: File already exists
20:52:22.859 (WORKER 5) [OPEN FILE]: File already exists
20:52:22.859 (WORKER 5) [OPEN FILE]: File already exists
20:52:22.859 (WORKER 5) [OPEN FILE]: File already exists
20:52:22.859 (WORKER 5) [OPEN FILE]: File already exists
20:52:22.859 (WORKER 5) [OPEN FILE]: File already exists
20:52:22.859 (WORKER 5) [OPEN FILE]: File already exists
20:52:22.859 (WORKER 5) [OPEN FILE]: File already exists
20:52:22.859 (WORKER 5) [OPEN FILE]: File already exists
20:52:22.860 (WORKER 5) [OPEN FILE]: File already exists
20:52:22.860 (WORKER 5) [OPEN FILE]: File already exists
20:52:22.860 (WORKER 5) [OPEN FILE]: File already exists
20:52:22.860 (WORKER 5) [OPEN FILE]: File already exists
20:52:22.860 (WORKER 5) [OPEN FILE]: File already exists
20:52:22.860 (WORKER 5) [OPEN FILE]: File already exists
20:52:22.860 (WORKER 5) [OPEN FILE]: Operation successfull
20:52:22.860 (WORKER 5) [OPEN FILE]: Operation successfull
20:52:22.861 (WORKER 5) [OPEN FILE]: Operation successfull
20:52:22.861 (WORKER 5) [OPEN FILE]: Operation successfull
20:52:22.861 (WORKER 5) [OPEN FILE]: Operation successfull
20:52:22.861 (WORKER 5) [OPEN FILE]: Operation successfull
20:52:22.861 (WORKER 5) [OPEN FILE]: File already exists
20:52:22.861 (WORKER 5) [OPEN FILE]: File already exists
20:52:22.861 (WORKER 5) [OPEN FILE]: File already exists
20:52:22.861 (WORKER 5) [OPEN FILE]: File already exists
20:52:22.862 (WORKER 5) [OPEN FILE]: File already exists
20:52:22.862 (WORKER 5) [OPEN FILE]: File already exists
20:52:22.862 (WORKER 5) [OPEN FILE]: File already exists
20:52:22.862 (WORKER 5) [OPEN FILE]: File already exists
20:52:22.862 (WORKER 5) [OPEN FILE]: File already exists
20:52:22.862 (WORKER 5) [OPEN FILE]: File already exists
20:52:22.862 (WORKER 5) [OPEN FILE]: File already exists
20:52:22.862 (WORKER 5) [OPEN FILE]: File already exists
20:52:22.863 (WORKER 5) [OPEN FILE]: File already exists
20:52:22.863 (WORKER 5) [OPEN FILE]: File already exists
20:52:22.863 (WORKER 5) [OPEN FILE]: File already exists
20:52:22.803 (WORKER 3) [OPEN CONNECTION]: Operation successfull
20:52:22.863 (WORKER 3) [OPEN FILE]: File already exists
20:52:22.863 (WORKER 3) [OPEN FILE]: File already exists
20:52:22.863 (WORKER 3) [OPEN FILE]: File already exists
20:52:22.863 (WORKER 3) [OPEN FILE]: File already exists
20:52:22.863 (WORKER 3) [OPEN FILE]: File already exists
20:52:22.864 (WORKER 3) [OPEN FILE]: File already exists
20:52:22.864 (WORKER 3) [OPEN FILE]: File already exists
20:52:22.864 (WORKER 3) [OPEN FILE]: Operation successfull
20:52:22.864 (WORKER 3) [OPEN FILE]: Operation successfull
20:52:22.864 (WORKER 3) [OPEN FILE]: Operation successfull
20:52:22.864 (WORKER 3) [OPEN FILE]: Operation successfull
20:52:22.864 (WORKER 3) [OPEN FILE]: Operation successfull
20:52:22.864 (WORKER 3) [OPEN FILE]: Operation successfull
20:52:22.864 (WORKER 3) [OPEN FILE]: Operation successfull
20:52:22.864 (WORKER 3) [OPEN FILE]: Operation successfull
20:52:22.865 (WORKER 3) [OPEN FILE]: Operation successfull
20:52:22.865 (WORKER 3) [OPEN FILE]: Operation successfull
20:52:22.865 (WORKER 3) [OPEN FILE]: Operation successfull
20:52:22.865 (WORKER 3) [OPEN FILE]: File already exists
20:52:22.865 (WORKER 3) [OPEN FILE]: File already exists
20:52:22.806 (WORKER 2) [OPEN FILE]: File already exists
20:52:22.803 (WORKER 0) [OPEN CONNECTION]: Operation successfull
20:52:22.806 (WORKER 6) [OPEN FILE]: File already exists
20:52:22.803 (WORKER 7) [OPEN CONNECTION]: Operation successfull
20:52:22.806 (WORKER 4) [OPEN FILE]: File already exists
20:52:22.865 (WORKER 0) [OPEN FILE]: File already exists
20:52:22.865 (WORKER 0) [OPEN FILE]: File already exists
20:52:22.865 (WORKER 2) [OPEN FILE]: File already exists
20:52:22.865 (WORKER 6) [OPEN FILE]: File already exists
20:52:22.866 (WORKER 7) [OPEN FILE]: File already exists
20:52:22.877 (WORKER 0) [READ FILE]: Operation successfull
20:52:22.878 (WORKER 0) [READ FILE]: Operation successfull
20:52:22.880 (WORKER 0) [CLOSE FILE]: Operation successfull
20:52:22.877 (WORKER 6) [READ FILE]: Operation successfull
20:52:22.877 (WORKER 4) [OPEN CONNECTION]: Operation successfull
20:52:22.880 (WORKER 3) [OPEN FILE]: Operation successfull
20:52:22.902 (WORKER 3) [OPEN FILE]: Operation successfull
20:52:22.903 (WORKER 3) [READ FILE]: Operation successfull
20:52:22.903 (WORKER 3) [READ FILE]: Operation successfull
20:52:22.903 (WORKER 3) [CLOSE FILE]: Operation successfull
20:52:22.903 (WORKER 3) [READ FILE]: Operation successfull
20:52:22.903 (WORKER 3) [OPEN FILE]: Operation successfull
20:52:22.904 (WORKER 3) [READ FILE]: Operation successfull
20:52:22.904 (WORKER 3) [READ FILE]: Operation successfull
20:52:22.904 (WORKER 3) [READ FILE]: Operation successfull
20:52:22.904 (WORKER 3) [READ FILE]: Operation successfull
20:52:22.904 (WORKER 3) [OPEN FILE]: Operation successfull
20:52:22.905 (WORKER 3) [READ FILE]: Operation successfull
20:52:22.905 (WORKER 3) [READ FILE]: Operation successfull
20:52:22.905 (WORKER 3) [READ FILE]: Operation successfull
20:52:22.905 (WORKER 3) [READ FILE]: Operation successfull
20:52:22.905 (WORKER 3) [READ FILE]: Operation successfull
20:52:22.906 (WORKER 3) [READ FILE]: Operation successfull
20:52:22.906 (WORKER 3) [READ FILE]: Operation successfull
20:52:22.906 (WORKER 3) [READ FILE]: Operation successfull
20:52:22.906 (WORKER 3) [READ FILE]: Operation successfull
20:52:22.907 (WORKER 3) [OPEN FILE]: Operation successfull
20:52:22.907 (WORKER 3) [OPEN FILE]: File already exists
20:52:22.907 (WORKER 3) [OPEN FILE]: File already exists
20:52:22.907 (WORKER 3) [OPEN FILE]: File already exists
20:52:22.907 (WORKER 3) [OPEN FILE]: File already exists
20:52:22.907 (WORKER 3) [OPEN FILE]: File already exists
20:52:22.908 (WORKER 3) [OPEN FILE]: File already exists
20:52:22.908 (WORKER 3) [OPEN FILE]: File already exists
20:52:22.909 (WORKER 3) [OPEN FILE]: File already exists
20:52:22.912 (WORKER 3) [OPEN FILE]: File already exists
20:52:22.915 (WORKER 3) [OPEN FILE]: File already exists
20:52:22.915 (WORKER 3) [OPEN FILE]: File already exists
20:52:22.916 (WORKER 3) [OPEN FILE]: File already exists
20:52:22.916 (WORKER 3) [OPEN FILE]: File already exists
20:52:22.916 (WORKER 3) [OPEN FILE]: File already exists
20:52:22.916 (WORKER 3) [OPEN FILE]: File already exists
20:52:22.917 (WORKER 3) [OPEN FILE]: File already exists
20:52:22.917 (WORKER 3) [OPEN FILE]: File already exists
20:52:22.917 (WORKER 3) [OPEN CONNECTION]: Operation successfull
20:52:22.917 (WORKER 3) [OPEN CONNECTION]: Operation successfull
20:52:22.917 (WORKER 3) [OPEN CONNECTION]: Operation successfull
20:52:22.917 (WORKER 3) [OPEN CONNECTION]: Operation successfull
20:52:22.917 (WORKER 3) [OPEN CONNECTION]: Operation successfull
20:52:22.917 (WORKER 3) [READ FILE]: Operation successfull
20:52:22.917 (WORKER 3) [OPEN FILE]: Operation successfull
20:52:22.917 (WORKER 3) [OPEN FILE]: Operation successfull
20:52:22.917 (WORKER 3) [CLOSE FILE]: Operation successfull
20:52:22.918 (WORKER 3) [OPEN FILE]: Operation successfull
20:52:22.918 (WORKER 3) [READ FILE]: Operation successfull
20:52:22.918 (WORKER 3) [OPEN FILE]: Operation successfull
20:52:22.918 (WORKER 3) [OPEN FILE]: Operation successfull
20:52:22.880 (WORKER 1) [OPEN FILE]: Operation successfull
20:52:22.918 (WORKER 1) [OPEN FILE]: Operation successfull
20:52:22.918 (WORKER 1) [READ FILE]: Operation successfull
20:52:22.918 (WORKER 1) [OPEN FILE]: Operation successfull
20:52:22.918 (WORKER 1) [OPEN FILE]: Operation successfull
20:52:22.918 (WORKER 1) [OPEN FILE]: Operation successfull
20:52:22.918 (WORKER 1) [OPEN FILE]: Operation successfull
20:52:22.919 (WORKER 1) [OPEN FILE]: Operation successfull
20:52:22.919 (WORKER 1) [OPEN FILE]: Operation successfull
20:52:22.919 (WORKER 1) [OPEN FILE]: Operation successfull
20:52:22.919 (WORKER 1) [OPEN FILE]: Operation successfull
20:52:22.919 (WORKER 1) [OPEN FILE]: Operation successfull
20:52:22.919 (WORKER 1) [READ FILE]: Operation successfull
20:52:22.919 (WORKER 1) [OPEN FILE]: File already exists
20:52:22.919 (WORKER 1) [OPEN FILE]: File already exists
20:52:22.919 (WORKER 1) [OPEN FILE]: File already exists
20:52:22.919 (WORKER 1) [OPEN FILE]: File already exists
20:52:22.919 (WORKER 1) [OPEN FILE]: File already exists
20:52:22.920 (WORKER 1) [OPEN FILE]: File already exists
20:52:22.920 (WORKER 1) [OPEN FILE]: File already exists
20:52:22.920 (WORKER 1) [OPEN FILE]: File already exists
20:52:22.920 (WORKER 1) [OPEN FILE]: File already exists
20:52:22.920 (WORKER 1) [OPEN FILE]: File already exists
20:52:22.920 (WORKER 1) [OPEN FILE]: File already exists
20:52:22.920 (WORKER 1) [OPEN FILE]: File already exists
20:52:22.920 (WORKER 1) [OPEN FILE]: File already exists
20:52:22.920 (WORKER 1) [OPEN FILE]: File already exists
20:52:22.920 (WORKER 1) [OPEN FILE]: File already exists
20:52:22.921 (WORKER 1) [OPEN FILE]: File already exists
20:52:22.921 (WORKER 1) [OPEN FILE]: File already exists
20:52:22.921 (WORKER 1) [OPEN FILE]: File already exists
20:52:22.921 (WORKER 1) [OPEN FILE]: File already exists
20:52:22.921 (WORKER 1) [OPEN FILE]: File already exists
20:52:22.921 (WORKER 1) [OPEN FILE]: File already exists
20:52:22.921 (WORKER 1) [OPEN FILE]: File already exists
20:52:22.921 (WORKER 1) [OPEN FILE]: File already exists
20:52:22.921 (WORKER 1) [OPEN FILE]: File already exists
20:52:22.921 (WORKER 1) [OPEN FILE]: File already exists
20:52:22.922 (WORKER 1) [OPEN FILE]: File already exists
20:52:22.922 (WORKER 1) [OPEN FILE]: File already exists
20:52:22.922 (WORKER 1) [OPEN FILE]: File already exists
20:52:22.922 (WORKER 1) [OPEN FILE]: File already exists
20:52:22.922 (WORKER 1) [OPEN FILE]: File already exists
20:52:22.922 (WORKER 1) [OPEN FILE]: File already exists
20:52:22.922 (WORKER 1) [READ FILE]: Operation successfull
20:52:22.898 (WORKER 5) [OPEN FILE]: Operation successfull
20:52:22.901 (WORKER 0) [OPEN FILE]: Operation successfull
20:52:22.923 (WORKER 5) [READ FILE]: Operation successfull
20:52:22.902 (WORKER 4) [CLOSE FILE]: Operation successfull
20:52:22.877 (WORKER 2) [CLOSE FILE]: Operation successfull
20:52:22.922 (WORKER 1) [READ FILE]: Operation successfull
20:52:22.908 (WORKER 6) [OPEN FILE]: File already exists
20:52:22.924 (WORKER 0) [CLOSE CONNECTION]: Operation successfull
20:52:22.918 20:52:22.877 (WORKER 7) [READ FILE]: Operation successfull
20:52:22.924 (WORKER 5) [CLOSE CONNECTION]: Operation successfull
20:52:22.924 (WORKER 4) [OPEN FILE]: Operation successfull
(WORKER 3) [OPEN FILE]: Operation successfull
20:52:22.982 (WORKER 2) [CLOSE CONNECTION]: Operation successfull
20:52:22.997 (WORKER 1) [OPEN FILE]: File already exists
20:52:23.020 (WORKER 1) [READ FILE]: Operation successfull
20:52:23.050 (WORKER 1) [OPEN FILE]: Operation successfull
20:52:23.054 (WORKER 1) [OPEN FILE]: Operation successfull
20:52:23.055 (WORKER 1) [READ FILE]: Operation successfull
20:52:23.055 (WORKER 1) [READ FILE]: Operation successfull
20:52:23.055 (WORKER 1) [READ FILE]: Operation successfull
20:52:23.056 (WORKER 1) [READ FILE]: Operation successfull
20:52:23.056 (WORKER 1) [READ FILE]: Operation successfull
20:52:23.056 (WORKER 1) [READ FILE]: Operation successfull
20:52:23.056 (WORKER 1) [READ FILE]: Operation successfull
20:52:23.056 (WORKER 1) [READ FILE]: Operation successfull
20:52:23.056 (WORKER 1) [OPEN FILE]: Operation successfull
20:52:23.057 (WORKER 1) [OPEN FILE]: File already exists
20:52:23.057 (WORKER 1) [OPEN FILE]: Operation successfull
20:52:23.057 (WORKER 1) [OPEN FILE]: File already exists
20:52:23.057 (WORKER 1) [OPEN FILE]: File already exists
20:52:23.057 (WORKER 1) [OPEN FILE]: File already exists
20:52:23.057 (WORKER 1) [OPEN FILE]: File already exists
20:52:23.057 (WORKER 1) [OPEN FILE]: File already exists
20:52:23.057 (WORKER 1) [OPEN FILE]: File already exists
20:52:23.057 (WORKER 1) [OPEN FILE]: File already exists
20:52:23.057 (WORKER 1) [OPEN FILE]: File already exists
20:52:23.057 (WORKER 1) [OPEN FILE]: File already exists
20:52:23.058 (WORKER 1) [OPEN FILE]: File already exists
20:52:23.058 (WORKER 1) [OPEN FILE]: File already exists
20:52:23.058 (WORKER 1) [OPEN FILE]: File already exists
20:52:23.058 (WORKER 1) [OPEN FILE]: File already exists
20:52:23.058 (WORKER 1) [OPEN FILE]: File already exists
20:52:23.058 (WORKER 1) [OPEN FILE]: File already exists
20:52:23.058 (WORKER 1) [OPEN FILE]: File already exists
20:52:23.058 (WORKER 1) [OPEN FILE]: File already exists
20:52:23.058 (WORKER 1) [OPEN FILE]: File already exists
20:52:23.058 (WORKER 1) [OPEN FILE]: File already exists
20:52:23.058 (WORKER 1) [OPEN CONNECTION]: Operation successfull
20:52:23.059 (WORKER 1) [OPEN CONNECTION]: Operation successfull
20:52:23.059 (WORKER 1) [OPEN CONNECTION]: Operation successfull
20:52:23.059 (WORKER 1) [OPEN CONNECTION]: Operation successfull
20:52:23.059 (WORKER 1) [OPEN CONNECTION]: Operation successfull
20:52:23.059 (WORKER 1) [OPEN CONNECTION]: Operation successfull
20:52:23.059 (WORKER 1) [OPEN CONNECTION]: Operation successfull
20:52:23.059 (WORKER 1) [OPEN FILE]: File already exists
20:52:23.059 (WORKER 1) [OPEN CONNECTION]: Operation successfull
20:52:23.059 (WORKER 1) [OPEN CONNECTION]: Operation successfull
20:52:23.059 (WORKER 1) [OPEN FILE]: File already exists
20:52:23.060 (WORKER 1) [OPEN CONNECTION]: Operation successfull
20:52:23.060 (WORKER 1) [OPEN FILE]: File already exists
20:52:23.060 (WORKER 1) [OPEN FILE]: File already exists
20:52:23.060 (WORKER 1) [OPEN FILE]: File already exists
20:52:23.060 (WORKER 1) [OPEN FILE]: File already exists
20:52:23.060 (WORKER 1) [OPEN FILE]: File already exists
20:52:23.060 (WORKER 1) [OPEN FILE]: File already exists
20:52:23.060 (WORKER 1) [OPEN FILE]: File already exists
20:52:23.060 (WORKER 1) [OPEN FILE]: File already exists
20:52:23.060 (WORKER 1) [OPEN FILE]: File already exists
20:52:23.061 (WORKER 1) [OPEN FILE]: File already exists
20:52:23.061 (WORKER 1) [OPEN FILE]: Operation successfull
20:52:23.061 (WORKER 1) [OPEN FILE]: File already exists
20:52:23.061 (WORKER 1) [OPEN FILE]: File already exists
20:52:23.061 (WORKER 1) [OPEN CONNECTION]: Operation successfull
20:52:23.061 (WORKER 1) [OPEN CONNECTION]: Operation successfull
20:52:23.061 (WORKER 1) [CLOSE FILE]: Operation successfull
20:52:23.061 (WORKER 1) [OPEN FILE]: Operation successfull
20:52:23.061 (WORKER 1) [OPEN FILE]: Operation successfull
20:52:23.061 (WORKER 1) [CLOSE FILE]: Operation successfull
20:52:23.062 (WORKER 1) [READ FILE]: Operation successfull
20:52:23.062 (WORKER 1) [OPEN FILE]: Operation successfull
20:52:23.062 (WORKER 1) [OPEN FILE]: Operation successfull
20:52:23.062 (WORKER 1) [OPEN FILE]: Operation successfull
20:52:23.063 (WORKER 1) [OPEN FILE]: Operation successfull
20:52:23.063 (WORKER 1) [OPEN FILE]: File already exists
20:52:23.064 (WORKER 1) [OPEN FILE]: File already exists
20:52:23.064 (WORKER 1) [OPEN FILE]: File already exists
20:52:23.064 (WORKER 1) [OPEN FILE]: File already exists
20:52:23.065 (WORKER 1) [OPEN CONNECTION]: Operation successfull
20:52:23.065 (WORKER 1) [OPEN CONNECTION]: Operation successfull
20:52:23.065 (WORKER 1) [OPEN CONNECTION]: Operation successfull
20:52:22.997 (WORKER 2) [READ FILE]: Operation successfull
20:52:23.067 (WORKER 2) [OPEN CONNECTION]: Operation successfull
20:52:23.067 (WORKER 2) [READ FILE]: Operation successfull
20:52:23.067 (WORKER 2) [OPEN CONNECTION]: Operation successfull
20:52:23.067 (WORKER 2) [OPEN CONNECTION]: Operation successfull
20:52:23.068 (WORKER 2) [CLOSE FILE]: Operation successfull
20:52:23.068 (WORKER 2) [READ FILE]: Operation successfull
20:52:23.068 (WORKER 2) [CLOSE FILE]: Operation successfull
20:52:22.997 (WORKER 7) [READ FILE]: Operation successfull
20:52:22.997 (WORKER 4) [READ FILE]: Operation successfull
20:52:22.997 (WORKER 6) [OPEN FILE]: File already exists
20:52:22.997 (WORKER 5) [READ FILE]: Operation successfull
20:52:22.997 (WORKER 0) [READ FILE]: Operation successfull
20:52:22.997 (WORKER 3) [READ FILE]: Operation successfull
20:52:23.069 (WORKER 4) [CLOSE FILE]: Operation successfull
20:52:23.069 (WORKER 4) [CLOSE FILE]: Operation successfull
20:52:23.069 (WORKER 7) [CLOSE FILE]: Operation successfull
20:52:23.075 (WORKER 5) [CLOSE FILE]: Operation successfull
20:52:23.076 (WORKER 6) [CLOSE FILE]: Operation successfull
20:52:23.108 (WORKER 0) [READ FILE]: Operation successfull
20:52:23.108 (WORKER 3) [READ FILE]: Operation successfull
20:52:23.121 (WORKER 7) [OPEN FILE]: File already exists
20:52:23.132 (WORKER 2) [OPEN FILE]: File already exists
20:52:23.109 (WORKER 4) [READ FILE]: Operation successfull
20:52:23.139 (WORKER 5) [CLOSE FILE]: Operation successfull
20:52:23.140 (WORKER 6) [CLOSE FILE]: Operation successfull
20:52:23.140 (WORKER 0) [CLOSE FILE]: Operation successfull
20:52:23.140 (WORKER 3) [CLOSE FILE]: Operation successfull
20:52:23.140 (WORKER 7) [CLOSE FILE]: Operation successfull
20:52:23.141 (WORKER 4) [CLOSE FILE]: Operation successfull
20:52:23.141 (WORKER 4) [CLOSE FILE]: Operation successfull
20:52:23.141 (WORKER 6) [READ FILE]: Operation successfull
20:52:23.141 (WORKER 5) [READ FILE]: Operation successfull
20:52:23.141 (WORKER 0) [READ FILE]: Operation successfull
20:52:23.141 (WORKER 3) [CLOSE FILE]: Operation successfull
20:52:23.142 (WORKER 7) [READ FILE]: Operation successfull
20:52:23.142 (WORKER 7) [READ FILE]: Operation successfull
20:52:23.142 (WORKER 6) [READ FILE]: Operation successfull
20:52:23.142 (WORKER 5) [OPEN FILE]: File already exists
20:52:23.142 (WORKER 0) [READ FILE]: Operation successfull
20:52:23.142 (WORKER 3) [OPEN FILE]: File already exists
20:52:23.142 (WORKER 7) [OPEN FILE]: File already exists
20:52:23.142 (WORKER 7) [OPEN FILE]: File already exists
20:52:23.142 (WORKER 6) [OPEN FILE]: File already exists
20:52:23.142 (WORKER 5) [OPEN FILE]: File already exists
20:52:23.143 (WORKER 0) [OPEN FILE]: File already exists
20:52:23.143 (WORKER 3) [OPEN FILE]: File already exists
20:52:23.143 (WORKER 7) [OPEN FILE]: File already exists
20:52:23.143 (WORKER 6) [OPEN FILE]: File already exists
20:52:23.143 (WORKER 5) [OPEN FILE]: File already exists
20:52:23.143 (WORKER 0) [OPEN FILE]: File already exists
20:52:23.143 (WORKER 4) [OPEN FILE]: File already exists
20:52:23.143 (WORKER 3) [OPEN FILE]: File already exists
20:52:23.143 (WORKER 7) [OPEN FILE]: File already exists
20:52:23.144 (WORKER 6) [OPEN FILE]: File already exists
20:52:23.144 (WORKER 5) [OPEN FILE]: File already exists
20:52:23.144 (WORKER 0) [OPEN FILE]: File already exists
20:52:23.144 (WORKER 4) [OPEN FILE]: File already exists
20:52:23.144 (WORKER 3) [OPEN FILE]: File already exists
20:52:23.144 (WORKER 7) [OPEN FILE]: File already exists
20:52:23.145 (WORKER 6) [OPEN FILE]: File already exists
20:52:23.145 (WORKER 5) [OPEN FILE]: File already exists
20:52:23.143 (WORKER 2) [OPEN FILE]: File already exists
20:52:23.149 (WORKER 4) [OPEN FILE]: File already exists
20:52:23.149 (WORKER 3) [OPEN FILE]: File already exists
20:52:23.149 (WORKER 7) [OPEN FILE]: File already exists
20:52:23.149 (WORKER 6) [OPEN FILE]: File already exists
20:52:23.145 (WORKER 0) [OPEN FILE]: File already exists
20:52:23.157 (WORKER 0) [CLOSE CONNECTION]: Operation successfull
20:52:23.157 (WORKER 0) [CLOSE CONNECTION]: Operation successfull
20:52:23.157 (WORKER 0) [CLOSE CONNECTION]: Operation successfull
20:52:23.157 (WORKER 0) [CLOSE CONNECTION]: Operation successfull
20:52:23.157 (WORKER 0) [CLOSE CONNECTION]: Operation successfull
20:52:23.157 (WORKER 0) [CLOSE CONNECTION]: Operation successfull
20:52:23.157 (WORKER 0) [CLOSE FILE]: Operation successfull
20:52:23.157 (WORKER 0) [CLOSE FILE]: Operation successfull
20:52:23.157 (WORKER 0) [CLOSE FILE]: Operation successfull
20:52:23.158 (WORKER 0) [CLOSE FILE]: Operation successfull
20:52:23.158 (WORKER 0) [CLOSE FILE]: Operation successfull
20:52:23.158 (WORKER 0) [CLOSE CONNECTION]: Operation successfull
20:52:23.158 (WORKER 0) [CLOSE FILE]: Operation successfull
20:52:23.158 (WORKER 0) [CLOSE FILE]: Operation successfull
20:52:23.158 (WORKER 0) [CLOSE FILE]: Operation successfull
20:52:23.158 (WORKER 0) [CLOSE FILE]: Operation successfull
20:52:23.158 (WORKER 0) [CLOSE FILE]: Operation successfull
20:52:23.158 (WORKER 0) [CLOSE FILE]: Operation successfull
20:52:23.158 (WORKER 0) [CLOSE FILE]: Operation successfull
20:52:23.158 (WORKER 0) [CLOSE FILE]: Operation successfull
20:52:23.158 (WORKER 0) [CLOSE FILE]: Operation successfull
20:52:23.158 (WORKER 0) [CLOSE FILE]: Operation successfull
20:52:23.159 (WORKER 0) [OPEN FILE]: Operation successfull
20:52:23.159 (WORKER 0) [OPEN FILE]: Operation successfull
20:52:23.159 (WORKER 0) [OPEN FILE]: Operation successfull
20:52:23.159 (WORKER 0) [OPEN FILE]: Operation successfull
20:52:23.159 (WORKER 0) [OPEN FILE]: Operation successfull
20:52:23.159 (WORKER 0) [OPEN FILE]: Operation successfull
20:52:23.159 (WORKER 0) [OPEN FILE]: Operation successfull
20:52:23.159 (WORKER 0) [OPEN FILE]: Operation successfull
20:52:23.159 (WORKER 0) [OPEN FILE]: Operation successfull
20:52:23.159 (WORKER 0) [OPEN FILE]: Operation successfull
20:52:23.159 (WORKER 0) [OPEN FILE]: File already exists
20:52:23.159 (WORKER 0) [OPEN FILE]: Operation successfull
20:52:23.160 (WORKER 0) [OPEN FILE]: Operation successfull
20:52:23.160 (WORKER 0) [OPEN FILE]: Operation successfull
20:52:23.160 (WORKER 0) [OPEN FILE]: File already exists
20:52:23.160 (WORKER 0) [OPEN FILE]: Operation successfull
20:52:23.160 (WORKER 0) [OPEN FILE]: Operation successfull
20:52:23.160 (WORKER 0) [OPEN FILE]: Operation successfull
20:52:23.160 (WORKER 0) [OPEN FILE]: Operation successfull
20:52:23.160 (WORKER 0) [OPEN FILE]: Operation successfull
20:52:23.160 (WORKER 0) [OPEN FILE]: File already exists
20:52:23.160 (WORKER 0) [OPEN FILE]: File already exists
20:52:23.160 (WORKER 0) [OPEN FILE]: Operation successfull
20:52:23.161 (WORKER 0) [OPEN FILE]: Operation successfull
20:52:23.161 (WORKER 0) [OPEN FILE]: Operation successfull
20:52:23.161 (WORKER 0) [OPEN FILE]: Operation successfull
20:52:23.161 (WORKER 0) [OPEN FILE]: File already exists
20:52:23.161 (WORKER 0) [OPEN FILE]: Operation successfull
20:52:23.161 (WORKER 0) [OPEN FILE]: Operation successfull
20:52:23.161 (WORKER 0) [OPEN FILE]: Operation successfull
20:52:23.161 (WORKER 0) [OPEN FILE]: Operation successfull
20:52:23.161 (WORKER 0) [OPEN FILE]: Operation successfull
20:52:23.161 (WORKER 0) [OPEN FILE]: File already exists
20:52:23.161 (WORKER 0) [OPEN FILE]: File already exists
20:52:23.161 (WORKER 0) [OPEN FILE]: Operation successfull
20:52:23.162 (WORKER 0) [OPEN FILE]: Operation successfull
20:52:23.162 (WORKER 0) [OPEN FILE]: Operation successfull
20:52:23.162 (WORKER 0) [OPEN FILE]: Operation successfull
20:52:23.162 (WORKER 0) [OPEN FILE]: File already exists
20:52:23.162 (WORKER 0) [OPEN FILE]: Operation successfull
20:52:23.162 (WORKER 0) [OPEN FILE]: File already exists
20:52:23.162 (WORKER 0) [OPEN FILE]: File already exists
20:52:23.162 (WORKER 0) [OPEN FILE]: Operation successfull
20:52:23.162 (WORKER 0) [OPEN FILE]: File already exists
20:52:23.162 (WORKER 0) [OPEN FILE]: Operation successfull
20:52:23.162 (WORKER 0) [OPEN FILE]: Operation successfull
20:52:23.163 (WORKER 0) [OPEN FILE]: File already exists
20:52:23.163 (WORKER 0) [OPEN FILE]: File already exists
20:52:23.163 (WORKER 0) [OPEN FILE]: Operation successfull
20:52:23.163 (WORKER 0) [OPEN FILE]: Operation successfull
20:52:23.163 (WORKER 0) [OPEN FILE]: Operation successfull
20:52:23.163 (WORKER 0) [OPEN FILE]: File already exists
20:52:23.163 (WORKER 0) [OPEN FILE]: File already exists
20:52:23.163 (WORKER 0) [OPEN FILE]: File already exists
20:52:23.163 (WORKER 0) [OPEN FILE]: Operation successfull
20:52:23.163 (WORKER 0) [OPEN FILE]: File already exists
20:52:23.163 (WORKER 0) [OPEN FILE]: File already exists
20:52:23.164 (WORKER 0) [OPEN FILE]: File already exists
20:52:23.164 (WORKER 0) [OPEN FILE]: File already exists
20:52:23.164 (WORKER 0) [OPEN FILE]: File already exists
20:52:23.164 (WORKER 0) [OPEN FILE]: File already exists
20:52:23.164 (WORKER 0) [OPEN FILE]: File already exists
20:52:23.164 (WORKER 0) [OPEN FILE]: File already exists
20:52:23.164 (WORKER 0) [OPEN FILE]: File already exists
20:52:23.164 (WORKER 0) [OPEN FILE]: File already exists
20:52:23.164 (WORKER 0) [OPEN FILE]: File already exists
20:52:23.164 (WORKER 0) [OPEN FILE]: File already exists
20:52:23.165 (WORKER 0) [OPEN FILE]: File already exists
20:52:23.166 (WORKER 0) [OPEN FILE]: File already exists
20:52:23.167 (WORKER 0) [OPEN FILE]: File already exists
20:52:23.168 (WORKER 0) [OPEN FILE]: File already exists
20:52:23.171 (WORKER 0) [OPEN FILE]: File already exists
20:52:23.172 (WORKER 0) [OPEN FILE]: File already exists
20:52:23.173 (WORKER 0) [OPEN FILE]: File already exists
20:52:23.173 (WORKER 0) [OPEN FILE]: File already exists
20:52:23.174 (WORKER 0) [OPEN FILE]: File already exists
20:52:23.174 (WORKER 0) [OPEN FILE]: File already exists
20:52:23.175 (WORKER 0) [OPEN CONNECTION]: Operation successfull
20:52:23.175 (WORKER 0) [OPEN CONNECTION]: Operation successfull
20:52:23.176 (WORKER 0) [OPEN CONNECTION]: Operation successfull
20:52:23.176 (WORKER 0) [OPEN CONNECTION]: Operation successfull
20:52:23.176 (WORKER 0) [OPEN CONNECTION]: Operation successfull
20:52:23.177 (WORKER 0) [OPEN CONNECTION]: Operation successfull
20:52:23.177 (WORKER 0) [OPEN CONNECTION]: Operation successfull
20:52:23.178 (WORKER 0) [OPEN CONNECTION]: Operation successfull
20:52:23.178 (WORKER 0) [OPEN CONNECTION]: Operation successfull
20:52:23.179 (WORKER 0) [OPEN CONNECTION]: Operation successfull
20:52:23.179 (WORKER 0) [OPEN CONNECTION]: Operation successfull
20:52:23.180 (WORKER 0) [OPEN CONNECTION]: Operation successfull
20:52:23.180 (WORKER 0) [OPEN CONNECTION]: Operation successfull
20:52:23.181 (WORKER 0) [OPEN CONNECTION]: Operation successfull
20:52:23.182 (WORKER 0) [OPEN CONNECTION]: Operation successfull
20:52:23.182 (WORKER 0) [OPEN CONNECTION]: Operation successfull
20:52:23.182 (WORKER 0) [OPEN CONNECTION]: Operation successfull
20:52:23.183 (WORKER 0) [OPEN CONNECTION]: Operation successfull
20:52:23.184 (WORKER 0) [CLOSE FILE]: Operation successfull
20:52:23.185 (WORKER 0) [CLOSE FILE]: Operation successfull
20:52:23.185 (WORKER 0) [CLOSE FILE]: Operation successfull
20:52:23.185 (WORKER 0) [CLOSE FILE]: Operation successfull
20:52:23.185 (WORKER 0) [CLOSE FILE]: Operation successfull
20:52:23.157 (WORKER 3) [OPEN FILE]: File already exists
20:52:23.186 (WORKER 3) [CLOSE FILE]: Operation successfull
20:52:23.186 (WORKER 3) [CLOSE FILE]: Operation successfull
20:52:23.186 (WORKER 3) [CLOSE FILE]: Operation successfull
20:52:23.186 (WORKER 3) [CLOSE FILE]: Operation successfull
20:52:23.186 (WORKER 3) [CLOSE FILE]: Operation successfull
20:52:23.186 (WORKER 3) [CLOSE FILE]: Operation successfull
20:52:23.186 (WORKER 3) [CLOSE FILE]: Operation successfull
20:52:23.186 (WORKER 3) [CLOSE FILE]: Operation successfull
20:52:23.186 (WORKER 3) [CLOSE FILE]: Operation successfull
20:52:23.186 (WORKER 3) [READ FILE]: Operation successfull
20:52:23.186 (WORKER 3) [READ FILE]: Operation successfull
20:52:23.187 (WORKER 3) [READ FILE]: Operation successfull
20:52:23.187 (WORKER 3) [READ FILE]: Operation successfull
20:52:23.187 (WORKER 3) [READ FILE]: Operation successfull
20:52:23.187 (WORKER 3) [READ FILE]: Operation successfull
20:52:23.187 (WORKER 3) [READ FILE]: Operation successfull
20:52:23.187 (WORKER 3) [READ FILE]: Operation successfull
20:52:23.188 (WORKER 3) [READ FILE]: Operation successfull
20:52:23.157 (WORKER 5) [OPEN FILE]: File already exists
20:52:23.188 (WORKER 5) [READ FILE]: Operation successfull
20:52:23.188 (WORKER 5) [OPEN FILE]: Operation successfull
20:52:23.188 (WORKER 5) [READ FILE]: Operation successfull
20:52:23.188 (WORKER 5) [READ FILE]: Operation successfull
20:52:23.189 (WORKER 5) [READ FILE]: Operation successfull
20:52:23.189 (WORKER 5) [OPEN FILE]: Operation successfull
20:52:23.189 (WORKER 5) [READ FILE]: Operation successfull
20:52:23.189 (WORKER 5) [READ FILE]: Operation successfull
20:52:23.189 (WORKER 5) [READ FILE]: Operation successfull
20:52:23.189 (WORKER 5) [READ FILE]: Operation successfull
20:52:23.189 (WORKER 5) [READ FILE]: Operation successfull
20:52:23.189 (WORKER 5) [OPEN FILE]: Operation successfull
20:52:23.189 (WORKER 5) [OPEN FILE]: Operation successfull
20:52:23.189 (WORKER 5) [READ FILE]: Operation successfull
20:52:23.189 (WORKER 5) [READ FILE]: Operation successfull
20:52:23.189 (WORKER 5) [READ FILE]: Operation successfull
20:52:23.190 (WORKER 5) [READ FILE]: Operation successfull
20:52:23.190 (WORKER 5) [OPEN FILE]: Operation successfull
20:52:23.190 (WORKER 5) [READ FILE]: Operation successfull
20:52:23.190 (WORKER 5) [READ FILE]: Operation successfull
20:52:23.190 (WORKER 5) [READ FILE]: Operation successfull
20:52:23.190 (WORKER 5) [READ FILE]: Operation successfull
20:52:23.190 (WORKER 5) [READ FILE]: Operation successfull
20:52:23.190 (WORKER 5) [OPEN FILE]: Operation successfull
20:52:23.190 (WORKER 5) [OPEN FILE]: Operation successfull
20:52:23.190 (WORKER 5) [READ FILE]: Operation successfull
20:52:23.190 (WORKER 5) [READ FILE]: Operation successfull
20:52:23.190 (WORKER 5) [READ FILE]: Operation successfull
20:52:23.191 (WORKER 5) [READ FILE]: Operation successfull
20:52:23.191 (WORKER 5) [OPEN FILE]: Operation successfull
20:52:23.191 (WORKER 5) [READ FILE]: Operation successfull
20:52:23.191 (WORKER 5) [OPEN FILE]: Operation successfull
20:52:23.191 (WORKER 5) [OPEN FILE]: Operation successfull
20:52:23.191 (WORKER 5) [READ FILE]: Operation successfull
20:52:23.191 (WORKER 5) [OPEN FILE]: Operation successfull
20:52:23.191 (WORKER 5) [READ FILE]: Operation successfull
20:52:23.191 (WORKER 5) [READ FILE]: Operation successfull
20:52:23.191 (WORKER 5) [OPEN FILE]: Operation successfull
20:52:23.191 (WORKER 5) [OPEN FILE]: Operation successfull
20:52:23.191 (WORKER 5) [READ FILE]: Operation successfull
20:52:23.191 (WORKER 5) [READ FILE]: Operation successfull
20:52:23.192 (WORKER 5) [READ FILE]: Operation successfull
20:52:23.192 (WORKER 5) [OPEN FILE]: Operation successfull
20:52:23.192 (WORKER 5) [OPEN FILE]: Operation successfull
20:52:23.192 (WORKER 5) [OPEN FILE]: Operation successfull
20:52:23.192 (WORKER 5) [READ FILE]: Operation successfull
20:52:23.192 (WORKER 5) [OPEN FILE]: Operation successfull
20:52:23.192 (WORKER 5) [OPEN FILE]: Operation successfull
20:52:23.192 (WORKER 5) [OPEN FILE]: Operation successfull
20:52:23.192 (WORKER 5) [OPEN FILE]: Operation successfull
20:52:23.192 (WORKER 5) [OPEN FILE]: Operation successfull
20:52:23.192 (WORKER 5) [OPEN FILE]: Operation successfull
20:52:23.192 (WORKER 5) [OPEN FILE]: Operation successfull
20:52:23.193 (WORKER 5) [OPEN FILE]: Operation successfull
20:52:23.193 (WORKER 5) [OPEN FILE]: Operation successfull
20:52:23.193 (WORKER 5) [CLOSE FILE]: Operation successfull
20:52:23.157 (WORKER 7) [CLOSE CONNECTION]: Operation successfull
20:52:23.156 (WORKER 2) [OPEN FILE]: Operation successfull
20:52:23.157 (WORKER 4) [OPEN FILE]: File already exists
20:52:23.157 (WORKER 6) [OPEN FILE]: File already exists
20:52:23.186 (WORKER 0) [CLOSE FILE]: Operation successfull
20:52:23.214 (WORKER 1) [OPEN CONNECTION]: Operation successfull
20:52:23.256 (WORKER 5) [OPEN FILE]: File already exists
20:52:23.256 (WORKER 7) [OPEN FILE]: File already exists
20:52:23.256 (WORKER 2) [OPEN FILE]: File already exists
20:52:23.256 (WORKER 4) [OPEN FILE]: File already exists
20:52:23.256 (WORKER 6) [OPEN FILE]: Operation successfull
20:52:23.256 (WORKER 3) [OPEN FILE]: File already exists
20:52:23.256 (WORKER 0) [OPEN FILE]: File already exists
20:52:23.256 (WORKER 1) [OPEN FILE]: File already exists
20:52:23.257 (WORKER 5) [OPEN FILE]: File already exists
20:52:23.257 (WORKER 7) [OPEN FILE]: File already exists
20:52:23.257 (WORKER 2) [OPEN FILE]: File already exists
20:52:23.257 (WORKER 4) [OPEN FILE]: File already exists
20:52:23.257 (WORKER 6) [OPEN FILE]: File already exists
20:52:23.257 (WORKER 3) [OPEN FILE]: File already exists
20:52:23.257 (WORKER 0) [OPEN FILE]: File already exists
20:52:23.257 (WORKER 1) [OPEN FILE]: File already exists
20:52:23.257 (WORKER 5) [OPEN FILE]: File already exists
20:52:23.257 (WORKER 7) [OPEN FILE]: File already exists
20:52:23.257 (WORKER 2) [OPEN FILE]: File already exists
20:52:23.257 (WORKER 4) [OPEN FILE]: File already exists
20:52:23.258 (WORKER 6) [OPEN CONNECTION]: Operation successfull
20:52:23.258 (WORKER 3) [OPEN FILE]: File already exists
20:52:23.258 (WORKER 0) [OPEN FILE]: File already exists
20:52:23.258 (WORKER 1) [OPEN FILE]: File already exists
20:52:23.258 (WORKER 5) [OPEN FILE]: File already exists
20:52:23.258 (WORKER 7) [OPEN FILE]: File already exists
20:52:23.258 (WORKER 2) [OPEN FILE]: File already exists
20:52:23.258 (WORKER 4) [OPEN FILE]: File already exists
20:52:23.258 (WORKER 6) [OPEN FILE]: File already exists
20:52:23.258 (WORKER 3) [OPEN FILE]: File already exists
20:52:23.258 (WORKER 0) [OPEN FILE]: File already exists
20:52:23.258 (WORKER 1) [OPEN FILE]: File already exists
20:52:23.259 (WORKER 5) [OPEN FILE]: File already exists
20:52:23.259 (WORKER 7) [OPEN FILE]: File already exists
20:52:23.259 (WORKER 2) [OPEN FILE]: File already exists
20:52:23.259 (WORKER 4) [OPEN FILE]: File already exists
20:52:23.259 (WORKER 6) [OPEN FILE]: File already exists
20:52:23.259 (WORKER 3) [OPEN FILE]: File already exists
20:52:23.259 (WORKER 0) [OPEN FILE]: File already exists
20:52:23.259 (WORKER 1) [OPEN FILE]: File already exists
20:52:23.259 (WORKER 5) [OPEN FILE]: Operation successfull
20:52:23.259 (WORKER 7) [OPEN CONNECTION]: Operation successfull
20:52:23.259 (WORKER 2) [CLOSE CONNECTION]: Operation successfull
20:52:23.259 (WORKER 4) [CLOSE CONNECTION]: Operation successfull
20:52:23.259 (WORKER 6) [CLOSE CONNECTION]: Operation successfull
20:52:23.260 (WORKER 3) [CLOSE CONNECTION]: Operation successfull
20:52:23.260 (WORKER 0) [CLOSE CONNECTION]: Operation successfull
20:52:23.260 (WORKER 1) [CLOSE CONNECTION]: Operation successfull
20:52:23.260 (WORKER 5) [CLOSE CONNECTION]: Operation successfull
20:52:23.260 (WORKER 7) [CLOSE CONNECTION]: Operation successfull
20:52:23.260 (WORKER 2) [CLOSE CONNECTION]: Operation successfull
20:52:23.260 (WORKER 4) [CLOSE CONNECTION]: Operation successfull
20:52:23.260 (WORKER 6) [CLOSE CONNECTION]: Operation successfull
20:52:23.260 (WORKER 3) [CLOSE CONNECTION]: Operation successfull
20:52:23.260 (WORKER 0) [CLOSE CONNECTION]: Operation successfull
20:52:23.260 (WORKER 1) [OPEN FILE]: File already exists
20:52:23.260 (WORKER 5) [OPEN FILE]: File already exists
20:52:23.260 (WORKER 7) [OPEN FILE]: File already exists
20:52:23.260 (WORKER 2) [OPEN FILE]: File already exists
20:52:23.260 (WORKER 4) [OPEN FILE]: File already exists
20:52:23.260 (WORKER 6) [OPEN FILE]: File already exists
20:52:23.261 (WORKER 3) [OPEN FILE]: File already exists
20:52:23.261 (WORKER 0) [OPEN FILE]: File already exists
20:52:23.261 (WORKER 1) [OPEN FILE]: File already exists
20:52:23.261 (WORKER 5) [OPEN CONNECTION]: Operation successfull
20:52:23.261 (WORKER 7) [CLOSE CONNECTION]: Operation successfull
20:52:23.261 (WORKER 2) [OPEN FILE]: Operation successfull
20:52:23.261 (WORKER 4) [CLOSE FILE]: Operation successfull
20:52:23.261 (WORKER 6) [CLOSE FILE]: Operation successfull
20:52:23.261 (WORKER 3) [OPEN FILE]: Operation successfull
20:52:23.261 (WORKER 0) [OPEN FILE]: Operation successfull
20:52:23.261 (WORKER 1) [OPEN FILE]: Operation successfull
20:52:23.262 (WORKER 5) [OPEN FILE]: Operation successfull
20:52:23.262 (WORKER 7) [OPEN FILE]: Operation successfull
20:52:23.262 (WORKER 2) [CLOSE FILE]: Operation successfull
20:52:23.262 (WORKER 4) [READ FILE]: Operation successfull
20:52:23.262 (WORKER 6) [CLOSE FILE]: Operation successfull
20:52:23.262 (WORKER 3) [OPEN FILE]: Operation successfull
20:52:23.262 (WORKER 0) [OPEN FILE]: Operation successfull
20:52:23.262 (WORKER 1) [READ FILE]: Operation successfull
20:52:23.262 (WORKER 5) [CLOSE FILE]: Operation successfull
20:52:23.262 (WORKER 7) [OPEN FILE]: Operation successfull
20:52:23.263 (WORKER 2) [OPEN FILE]: Operation successfull
20:52:23.263 (WORKER 4) [CLOSE FILE]: Operation successfull
20:52:23.263 (WORKER 6) [OPEN FILE]: Operation successfull
20:52:23.263 (WORKER 3) [READ FILE]: Operation successfull
20:52:23.263 (WORKER 0) [READ FILE]: Operation successfull
20:52:23.263 (WORKER 1) [OPEN FILE]: Operation successfull
20:52:23.263 (WORKER 5) [OPEN FILE]: Operation successfull
20:52:23.263 (WORKER 7) [OPEN CONNECTION]: Operation successfull
20:52:23.263 (WORKER 2) [OPEN FILE]: Operation successfull
20:52:23.263 (WORKER 4) [OPEN FILE]: Operation successfull
20:52:23.264 (WORKER 6) [READ FILE]: Operation successfull
20:52:23.264 (WORKER 3) [OPEN FILE]: Operation successfull
20:52:23.264 (WORKER 0) [OPEN FILE]: Operation successfull
20:52:23.264 (WORKER 1) [OPEN FILE]: Operation successfull
20:52:23.264 (WORKER 5) [OPEN FILE]: Operation successfull
20:52:23.264 (WORKER 7) [OPEN FILE]: Operation successfull
20:52:23.264 (WORKER 2) [READ FILE]: Operation successfull
20:52:23.264 (WORKER 4) [READ FILE]: Operation successfull
20:52:23.264 (WORKER 6) [OPEN FILE]: Operation successfull
20:52:23.264 (WORKER 3) [OPEN FILE]: Operation successfull
20:52:23.265 (WORKER 0) [OPEN FILE]: Operation successfull
20:52:23.265 (WORKER 1) [OPEN FILE]: Operation successfull
20:52:23.265 (WORKER 5) [READ FILE]: Operation successfull
20:52:23.265 (WORKER 7) [OPEN FILE]: Operation successfull
20:52:23.265 (WORKER 2) [READ FILE]: Operation successfull
20:52:23.265 (WORKER 4) [READ FILE]: Operation successfull
20:52:23.265 (WORKER 6) [OPEN FILE]: Operation successfull
20:52:23.265 (WORKER 3) [READ FILE]: Operation successfull
20:52:23.265 (WORKER 0) [OPEN FILE]: Operation successfull
20:52:23.265 (WORKER 1) [OPEN FILE]: Operation successfull
20:52:23.265 (WORKER 5) [READ FILE]: Operation successfull
20:52:23.266 (WORKER 7) [READ FILE]: Operation successfull
20:52:23.266 (WORKER 2) [OPEN FILE]: Operation successfull
20:52:23.266 (WORKER 4) [OPEN FILE]: Operation successfull
20:52:23.266 (WORKER 6) [OPEN FILE]: Operation successfull
20:52:23.266 (WORKER 3) [READ FILE]: Operation successfull
20:52:23.266 (WORKER 0) [READ FILE]: Operation successfull
20:52:23.266 (WORKER 1) [OPEN FILE]: File already exists
20:52:23.266 (WORKER 5) [CLOSE CONNECTION]: Operation successfull
20:52:23.266 (WORKER 7) [OPEN FILE]: File already exists
20:52:23.266 (WORKER 2) [OPEN CONNECTION]: Operation successfull
20:52:23.266 (WORKER 4) [CLOSE CONNECTION]: Operation successfull
20:52:23.266 (WORKER 6) [OPEN FILE]: Operation successfull
20:52:23.266 (WORKER 3) [READ FILE]: Operation successfull
20:52:23.267 (WORKER 0) [READ FILE]: Operation successfull
20:52:23.267 (WORKER 1) [OPEN FILE]: Operation successfull
20:52:23.267 (WORKER 5) [READ FILE]: Operation successfull
20:52:23.267 (WORKER 7) [READ FILE]: Operation successfull
20:52:23.267 (WORKER 2) [READ FILE]: Operation successfull
20:52:23.267 (WORKER 4) [READ FILE]: Operation successfull
20:52:23.267 (WORKER 6) [READ FILE]: Operation successfull
20:52:23.267 (WORKER 3) [READ FILE]: Operation successfull
20:52:23.267 (WORKER 0) [READ FILE]: Operation successfull
20:52:23.267 (WORKER 1) [READ FILE]: Operation successfull
20:52:23.267 (WORKER 5) [READ FILE]: Operation successfull
20:52:23.268 (WORKER 2) [OPEN CONNECTION]: Operation successfull
20:52:23.268 (WORKER 6) [OPEN CONNECTION]: Operation successfull
20:52:23.268 (WORKER 0) [OPEN CONNECTION]: Operation successfull
20:52:23.268 (WORKER 4) [OPEN CONNECTION]: Operation successfull
20:52:23.268 (WORKER 7) [OPEN FILE]: File already exists
20:52:23.268 (WORKER 3) [OPEN CONNECTION]: Operation successfull
20:52:23.290 (WORKER 1) [OPEN CONNECTION]: Operation successfull
20:52:23.312 (WORKER 5) [CLOSE FILE]: Operation successfull
20:52:23.312 (WORKER 2) [CLOSE FILE]: Operation successfull
20:52:23.312 (WORKER 0) [CLOSE FILE]: Operation successfull
20:52:23.312 (WORKER 7) [CLOSE FILE]: Operation successfull
20:52:23.312 (WORKER 4) [CLOSE FILE]: Operation successfull
20:52:23.312 (WORKER 6) [CLOSE FILE]: Operation successfull
20:52:23.320 (WORKER 1) [CLOSE CONNECTION]: Operation successfull
20:52:23.320 (WORKER 5) [CLOSE CONNECTION]: Operation successfull
20:52:23.320 (WORKER 0) [CLOSE CONNECTION]: Operation successfull
20:52:23.320 (WORKER 3) [CLOSE CONNECTION]: Operation successfull
20:52:23.320 (WORKER 7) [CLOSE CONNECTION]: Operation successfull
20:52:23.320 (WORKER 2) [CLOSE CONNECTION]: Operation successfull
20:52:23.344 (WORKER 1) [READ FILE]: Operation successfull
20:52:23.359 (WORKER 1) [READ FILE]: Operation successfull
20:52:23.361 (WORKER 1) [READ FILE]: Operation successfull
20:52:23.361 (WORKER 1) [READ FILE]: Operation successfull
20:52:23.361 (WORKER 1) [READ FILE]: Operation successfull
20:52:23.361 (WORKER 1) [READ FILE]: Operation successfull
20:52:23.361 (WORKER 1) [READ FILE]: Operation successfull
20:52:23.361 (WORKER 1) [READ FILE]: Operation successfull
20:52:23.361 (WORKER 1) [READ FILE]: Operation successfull
20:52:23.361 (WORKER 1) [READ FILE]: Operation successfull
20:52:23.361 (WORKER 1) [READ FILE]: Operation successfull
20:52:23.362 (WORKER 1) [READ FILE]: Operation successfull
20:52:23.362 (WORKER 1) [READ FILE]: Operation successfull
20:52:23.362 (WORKER 1) [READ FILE]: Operation successfull
20:52:23.362 (WORKER 1) [READ FILE]: Operation successfull
20:52:23.362 (WORKER 1) [READ FILE]: Operation successfull
20:52:23.362 (WORKER 1) [READ FILE]: Operation successfull
20:52:23.362 (WORKER 1) [READ FILE]: Operation successfull
20:52:23.362 (WORKER 1) [READ FILE]: Operation successfull
20:52:23.362 (WORKER 1) [READ FILE]: Operation successfull
20:52:23.363 (WORKER 1) [READ FILE]: Operation successfull
20:52:23.363 (WORKER 1) [READ FILE]: Operation successfull
20:52:23.363 (WORKER 1) [READ FILE]: Operation successfull
20:52:23.344 (WORKER 0) [READ FILE]: Operation successfull
20:52:23.363 (WORKER 0) [READ FILE]: Operation successfull
20:52:23.363 (WORKER 0) [READ FILE]: Operation successfull
20:52:23.363 (WORKER 0) [READ FILE]: Operation successfull
20:52:23.363 (WORKER 0) [READ FILE]: Operation successfull
20:52:23.364 (WORKER 0) [OPEN FILE]: Operation successfull
20:52:23.364 (WORKER 0) [OPEN CONNECTION]: Operation successfull
20:52:23.364 (WORKER 0) [OPEN FILE]: Operation successfull
20:52:23.364 (WORKER 0) [OPEN FILE]: Operation successfull
20:52:23.364 (WORKER 0) [OPEN FILE]: Operation successfull
20:52:23.364 (WORKER 0) [OPEN FILE]: Operation successfull
20:52:23.364 (WORKER 0) [OPEN FILE]: Operation successfull
20:52:23.364 (WORKER 0) [OPEN FILE]: Operation successfull
20:52:23.364 (WORKER 0) [OPEN FILE]: Operation successfull
20:52:23.364 (WORKER 0) [OPEN FILE]: Operation successfull
20:52:23.364 (WORKER 0) [OPEN FILE]: Operation successfull
20:52:23.364 (WORKER 0) [OPEN FILE]: Operation successfull
20:52:23.364 (WORKER 0) [OPEN FILE]: Operation successfull
20:52:23.365 (WORKER 0) [OPEN FILE]: Operation successfull
20:52:23.365 (WORKER 0) [OPEN FILE]: Operation successfull
20:52:23.365 (WORKER 0) [OPEN FILE]: Operation successfull
20:52:23.365 (WORKER 0) [OPEN FILE]: Operation successfull
20:52:23.365 (WORKER 0) [OPEN FILE]: Operation successfull
20:52:23.365 (WORKER 0) [OPEN FILE]: Operation successfull
20:52:23.365 (WORKER 0) [OPEN FILE]: Operation successfull
20:52:23.344 (WORKER 7) [READ FILE]: Operation successfull
20:52:23.365 (WORKER 7) [OPEN FILE]: Operation successfull
20:52:23.365 (WORKER 7) [OPEN FILE]: Operation successfull
20:52:23.365 (WORKER 7) [OPEN FILE]: Operation successfull
20:52:23.365 (WORKER 7) [OPEN FILE]: Operation successfull
20:52:23.366 (WORKER 7) [OPEN FILE]: Operation successfull
20:52:23.366 (WORKER 7) [OPEN FILE]: Operation successfull
20:52:23.366 (WORKER 7) [OPEN FILE]: Operation successfull
20:52:23.366 (WORKER 7) [OPEN FILE]: Operation successfull
20:52:23.366 (WORKER 7) [OPEN FILE]: Operation successfull
20:52:23.366 (WORKER 7) [OPEN FILE]: Operation successfull
20:52:23.366 (WORKER 7) [OPEN FILE]: Operation successfull
20:52:23.366 (WORKER 7) [OPEN FILE]: Operation successfull
20:52:23.366 (WORKER 7) [OPEN FILE]: Operation successfull
20:52:23.366 (WORKER 7) [OPEN FILE]: Operation successfull
20:52:23.366 (WORKER 7) [OPEN CONNECTION]: Operation successfull
20:52:23.366 (WORKER 7) [OPEN CONNECTION]: Operation successfull
20:52:23.366 (WORKER 7) [OPEN CONNECTION]: Operation successfull
20:52:23.367 (WORKER 7) [OPEN CONNECTION]: Operation successfull
20:52:23.367 (WORKER 7) [OPEN CONNECTION]: Operation successfull
20:52:23.367 (WORKER 7) [OPEN CONNECTION]: Operation successfull
20:52:23.367 (WORKER 7) [OPEN CONNECTION]: Operation successfull
20:52:23.367 (WORKER 7) [OPEN CONNECTION]: Operation successfull
20:52:23.367 (WORKER 7) [OPEN CONNECTION]: Operation successfull
20:52:23.367 (WORKER 7) [OPEN CONNECTION]: Operation successfull
20:52:23.344 (WORKER 4) [READ FILE]: Operation successfull
20:52:23.344 (WORKER 5) [READ FILE]: Operation successfull
20:52:23.344 (WORKER 2) [READ FILE]: Operation successfull
20:52:23.365 20:52:23.344 (WORKER 6) [READ FILE]: Operation successfull
20:52:23.344 (WORKER 3) [READ FILE]: Operation successfull
(WORKER 0) [OPEN FILE]: Operation successfull
20:52:23.367 (WORKER 7) [OPEN CONNECTION]: Operation successfull
20:52:23.387 (WORKER 4) [OPEN CONNECTION]: Operation successfull
20:52:23.387 (WORKER 5) [OPEN FILE]: File already exists
20:52:23.387 (WORKER 2) [OPEN FILE]: File already exists
20:52:23.387 (WORKER 6) [OPEN FILE]: File already exists
20:52:23.388 (WORKER 3) [OPEN FILE]: File already exists
20:52:23.388 (WORKER 0) [OPEN FILE]: File already exists
20:52:23.388 (WORKER 7) [OPEN FILE]: File already exists
20:52:23.388 (WORKER 4) [OPEN FILE]: File already exists
20:52:23.389 (WORKER 5) [OPEN FILE]: File already exists
20:52:23.389 (WORKER 2) [OPEN FILE]: File already exists
20:52:23.389 (WORKER 6) [OPEN FILE]: File already exists
20:52:23.389 (WORKER 3) [OPEN FILE]: File already exists
20:52:23.391 (WORKER 3) [OPEN FILE]: File already exists
20:52:23.391 (WORKER 3) [OPEN FILE]: File already exists
20:52:23.392 (WORKER 3) [OPEN FILE]: File already exists
20:52:23.392 (WORKER 3) [OPEN FILE]: File already exists
20:52:23.392 (WORKER 3) [OPEN FILE]: File already exists
20:52:23.393 (WORKER 3) [OPEN FILE]: File already exists
20:52:23.393 (WORKER 3) [OPEN FILE]: File already exists
20:52:23.393 (WORKER 3) [OPEN FILE]: File already exists
20:52:23.399 (WORKER 3) [OPEN FILE]: File already exists
20:52:23.401 (WORKER 3) [OPEN FILE]: File already exists
20:52:23.401 (WORKER 3) [OPEN FILE]: File already exists
20:52:23.402 (WORKER 3) [OPEN FILE]: File already exists
20:52:23.402 (WORKER 3) [OPEN FILE]: File already exists
20:52:23.402 (WORKER 3) [OPEN FILE]: File already exists
20:52:23.402 (WORKER 3) [OPEN FILE]: File already exists
20:52:23.402 (WORKER 3) [OPEN FILE]: File already exists
20:52:23.402 (WORKER 3) [OPEN FILE]: File already exists
20:52:23.402 (WORKER 3) [OPEN FILE]: File already exists
20:52:23.402 (WORKER 3) [OPEN FILE]: File already exists
20:52:23.403 (WORKER 3) [OPEN FILE]: File already exists
20:52:23.403 (WORKER 3) [OPEN FILE]: File already exists
20:52:23.403 (WORKER 3) [OPEN FILE]: File already exists
20:52:23.403 (WORKER 3) [OPEN FILE]: File already exists
20:52:23.403 (WORKER 3) [OPEN FILE]: File already exists
20:52:23.403 (WORKER 3) [OPEN FILE]: File already exists
20:52:23.403 (WORKER 3) [OPEN FILE]: File already exists
20:52:23.404 (WORKER 3) [OPEN FILE]: File already exists
20:52:23.404 (WORKER 3) [OPEN FILE]: File already exists
20:52:23.404 (WORKER 3) [OPEN FILE]: File already exists
20:52:23.404 (WORKER 3) [OPEN FILE]: File already exists
20:52:23.404 (WORKER 3) [OPEN FILE]: File already exists
20:52:23.404 (WORKER 3) [OPEN FILE]: File already exists
20:52:23.405 (WORKER 3) [OPEN FILE]: File already exists
20:52:23.405 (WORKER 3) [OPEN FILE]: File already exists
20:52:23.405 (WORKER 3) [OPEN FILE]: File already exists
20:52:23.405 (WORKER 3) [OPEN FILE]: File already exists
20:52:23.405 (WORKER 3) [OPEN FILE]: File already exists
20:52:23.405 (WORKER 3) [READ FILE]: Operation successfull
20:52:23.405 (WORKER 3) [OPEN FILE]: Operation successfull
20:52:23.405 (WORKER 3) [OPEN CONNECTION]: Operation successfull
20:52:23.405 (WORKER 3) [CLOSE FILE]: Operation successfull
20:52:23.406 (WORKER 3) [CLOSE FILE]: Operation successfull
20:52:23.406 (WORKER 3) [READ FILE]: Operation successfull
20:52:23.406 (WORKER 3) [CLOSE FILE]: Operation successfull
20:52:23.406 (WORKER 3) [READ FILE]: Operation successfull
20:52:23.406 (WORKER 3) [CLOSE FILE]: Operation successfull
20:52:23.406 (WORKER 3) [READ FILE]: Operation successfull
20:52:23.406 (WORKER 3) [CLOSE FILE]: Operation successfull
20:52:23.406 (WORKER 3) [CLOSE FILE]: Operation successfull
20:52:23.406 (WORKER 3) [CLOSE FILE]: Operation successfull
20:52:23.406 (WORKER 3) [READ FILE]: Operation successfull
20:52:23.406 (WORKER 3) [CLOSE FILE]: Operation successfull
20:52:23.407 (WORKER 3) [CLOSE FILE]: Operation successfull
20:52:23.407 (WORKER 3) [CLOSE FILE]: Operation successfull
20:52:23.407 (WORKER 3) [CLOSE FILE]: Operation successfull
20:52:23.407 (WORKER 3) [READ FILE]: Operation successfull
20:52:23.407 (WORKER 3) [OPEN FILE]: Operation successfull
20:52:23.407 (WORKER 3) [CLOSE FILE]: Operation successfull
20:52:23.407 (WORKER 3) [CLOSE FILE]: Operation successfull
20:52:23.407 (WORKER 3) [READ FILE]: Operation successfull
20:52:23.407 (WORKER 3) [CLOSE FILE]: Operation successfull
20:52:23.407 (WORKER 3) [CLOSE FILE]: Operation successfull
20:52:23.408 (WORKER 3) [CLOSE FILE]: Operation successfull
20:52:23.408 (WORKER 3) [READ FILE]: Operation successfull
20:52:23.408 (WORKER 3) [READ FILE]: Operation successfull
20:52:23.408 (WORKER 3) [CLOSE FILE]: Operation successfull
20:52:23.408 (WORKER 3) [CLOSE FILE]: Operation successfull
20:52:23.408 (WORKER 3) [CLOSE FILE]: Operation successfull
20:52:23.408 (WORKER 3) [READ FILE]: Operation successfull
20:52:23.408 (WORKER 3) [READ FILE]: Operation successfull
20:52:23.408 (WORKER 3) [CLOSE FILE]: Operation successfull
20:52:23.408 (WORKER 3) [READ FILE]: Operation successfull
20:52:23.409 (WORKER 3) [CLOSE FILE]: Operation successfull
20:52:23.409 (WORKER 3) [READ FILE]: Operation successfull
20:52:23.409 (WORKER 3) [READ FILE]: Operation successfull
20:52:23.409 (WORKER 3) [CLOSE FILE]: Operation successfull
20:52:23.409 (WORKER 3) [READ FILE]: Operation successfull
20:52:23.409 (WORKER 3) [CLOSE FILE]: Operation successfull
20:52:23.409 (WORKER 3) [READ FILE]: Operation successfull
20:52:23.409 (WORKER 3) [READ FILE]: Operation successfull
20:52:23.409 (WORKER 3) [CLOSE FILE]: Operation successfull
20:52:23.409 (WORKER 3) [CLOSE FILE]: Operation successfull
20:52:23.410 (WORKER 3) [CLOSE FILE]: Operation successfull
20:52:23.410 (WORKER 3) [READ FILE]: Operation successfull
20:52:23.410 (WORKER 3) [READ FILE]: Operation successfull
20:52:23.410 (WORKER 3) [CLOSE FILE]: Operation successfull
20:52:23.410 (WORKER 3) [READ FILE]: Operation successfull
20:52:23.410 (WORKER 3) [READ FILE]: Operation successfull
20:52:23.410 (WORKER 3) [READ FILE]: Operation successfull
20:52:23.410 (WORKER 3) [READ FILE]: Operation successfull
20:52:23.410 (WORKER 3) [READ FILE]: Operation successfull
20:52:23.410 (WORKER 3) [READ FILE]: Operation successfull
20:52:23.411 (WORKER 3) [OPEN FILE]: Operation successfull
20:52:23.411 (WORKER 3) [OPEN FILE]: Operation successfull
20:52:23.411 (WORKER 3) [OPEN FILE]: Operation successfull
20:52:23.411 (WORKER 3) [OPEN FILE]: File already exists
20:52:23.411 (WORKER 3) [OPEN FILE]: File already exists
20:52:23.411 (WORKER 3) [OPEN FILE]: File already exists
20:52:23.411 (WORKER 3) [OPEN FILE]: File already exists
20:52:23.411 (WORKER 3) [OPEN FILE]: File already exists
20:52:23.411 (WORKER 3) [OPEN FILE]: File already exists
20:52:23.412 (WORKER 3) [OPEN FILE]: File already exists
20:52:23.412 (WORKER 3) [OPEN FILE]: File already exists
20:52:23.412 (WORKER 3) [OPEN FILE]: File already exists
20:52:23.412 (WORKER 3) [OPEN FILE]: File already exists
20:52:23.412 (WORKER 3) [OPEN FILE]: File already exists
20:52:23.412 (WORKER 3) [CLOSE FILE]: Operation successfull
20:52:23.412 (WORKER 3) [CLOSE FILE]: Operation successfull
20:52:23.412 (WORKER 3) [CLOSE FILE]: Operation successfull
20:52:23.413 (WORKER 3) [CLOSE FILE]: Operation successfull
20:52:23.413 (WORKER 3) [CLOSE FILE]: Operation successfull
20:52:23.413 (WORKER 3) [OPEN CONNECTION]: Operation successfull
20:52:23.413 (WORKER 3) [READ FILE]: Operation successfull
20:52:23.413 (WORKER 3) [READ FILE]: Operation successfull
20:52:23.413 (WORKER 3) [READ FILE]: Operation successfull
20:52:23.413 (WORKER 3) [READ FILE]: Operation successfull
20:52:23.413 (WORKER 3) [READ FILE]: Operation successfull
20:52:23.413 (WORKER 3) [READ FILE]: Operation successfull
20:52:23.414 (WORKER 3) [READ FILE]: Operation successfull
20:52:23.414 (WORKER 3) [READ FILE]: Operation successfull
20:52:23.414 (WORKER 3) [READ FILE]: Operation successfull
20:52:23.414 (WORKER 3) [OPEN FILE]: Operation successfull
20:52:23.390 (WORKER 4) [OPEN FILE]: File already exists
20:52:23.414 (WORKER 4) [OPEN FILE]: Operation successfull
20:52:23.415 (WORKER 4) [OPEN FILE]: Operation successfull
20:52:23.415 (WORKER 4) [OPEN CONNECTION]: Operation successfull
20:52:23.415 (WORKER 4) [OPEN CONNECTION]: Operation successfull
20:52:23.415 (WORKER 4) [OPEN CONNECTION]: Operation successfull
20:52:23.415 (WORKER 4) [OPEN CONNECTION]: Operation successfull
20:52:23.415 (WORKER 4) [OPEN CONNECTION]: Operation successfull
20:52:23.415 (WORKER 4) [OPEN CONNECTION]: Operation successfull
20:52:23.415 (WORKER 4) [OPEN CONNECTION]: Operation successfull
20:52:23.415 (WORKER 4) [OPEN CONNECTION]: Operation successfull
20:52:23.416 (WORKER 4) [OPEN CONNECTION]: Operation successfull
20:52:23.416 (WORKER 4) [OPEN CONNECTION]: Operation successfull
20:52:23.416 (WORKER 4) [OPEN CONNECTION]: Operation successfull
20:52:23.416 (WORKER 4) [OPEN CONNECTION]: Operation successfull
20:52:23.416 (WORKER 4) [OPEN CONNECTION]: Operation successfull
20:52:23.416 (WORKER 4) [OPEN CONNECTION]: Operation successfull
20:52:23.416 (WORKER 4) [OPEN CONNECTION]: Operation successfull
20:52:23.416 (WORKER 4) [OPEN CONNECTION]: Operation successfull
20:52:23.390 (WORKER 7) [OPEN FILE]: File already exists
20:52:23.390 (WORKER 2) [OPEN FILE]: File already exists
20:52:23.389 (WORKER 0) [OPEN FILE]: File already exists
20:52:23.390 (WORKER 6) [OPEN FILE]: File already exists
20:52:23.390 (WORKER 5) [OPEN CONNECTION]: Operation successfull
20:52:23.417 (WORKER 7) [OPEN FILE]: Operation successfull
20:52:23.417 (WORKER 7) [OPEN FILE]: Operation successfull
20:52:23.421 (WORKER 1) [READ FILE]: Operation successfull
20:52:23.462 (WORKER 2) [CLOSE FILE]: Operation successfull
20:52:23.467 (WORKER 0) [CLOSE FILE]: Operation successfull
20:52:23.467 (WORKER 6) [CLOSE FILE]: Operation successfull
20:52:23.467 (WORKER 5) [CLOSE FILE]: Operation successfull
20:52:23.467 (WORKER 7) [CLOSE FILE]: Operation successfull
20:52:23.467 (WORKER 4) [CLOSE FILE]: Operation successfull
20:52:23.467 (WORKER 1) [CLOSE FILE]: Operation successfull
20:52:23.467 (WORKER 2) [CLOSE FILE]: Operation successfull
20:52:23.467 (WORKER 0) [CLOSE FILE]: Operation successfull
20:52:23.468 (WORKER 6) [CLOSE FILE]: Operation successfull
20:52:23.468 (WORKER 5) [CLOSE FILE]: Operation successfull
20:52:23.468 (WORKER 7) [CLOSE FILE]: Operation successfull
20:52:23.468 (WORKER 4) [CLOSE FILE]: Operation successfull
20:52:23.468 (WORKER 1) [CLOSE FILE]: Operation successfull
20:52:23.468 (WORKER 2) [CLOSE FILE]: Operation successfull
20:52:23.468 (WORKER 0) [CLOSE FILE]: Operation successfull
20:52:23.468 (WORKER 6) [CLOSE FILE]: Operation successfull
20:52:23.468 (WORKER 5) [CLOSE FILE]: Operation successfull
20:52:23.468 (WORKER 7) [CLOSE FILE]: Operation successfull
20:52:23.469 (WORKER 4) [CLOSE FILE]: Operation successfull
20:52:23.469 (WORKER 1) [CLOSE FILE]: Operation successfull
20:52:23.469 (WORKER 2) [CLOSE FILE]: Operation successfull
20:52:23.469 (WORKER 0) [CLOSE FILE]: Operation successfull
20:52:23.469 (WORKER 6) [CLOSE FILE]: Operation successfull
20:52:23.469 (WORKER 5) [CLOSE FILE]: Operation successfull
20:52:23.469 (WORKER 7) [CLOSE FILE]: Operation successfull
20:52:23.469 (WORKER 4) [CLOSE FILE]: Operation successfull
20:52:23.469 (WORKER 1) [CLOSE FILE]: Operation successfull
20:52:23.469 (WORKER 2) [CLOSE FILE]: Operation successfull
20:52:23.469 (WORKER 0) [CLOSE FILE]: Operation successfull
20:52:23.470 (WORKER 6) [CLOSE FILE]: Operation successfull
20:52:23.470 (WORKER 5) [CLOSE FILE]: Operation successfull
20:52:23.470 (WORKER 7) [CLOSE CONNECTION]: Operation successfull
20:52:23.470 (WORKER 7) [CLOSE CONNECTION]: Operation successfull
20:52:23.470 (WORKER 7) [CLOSE CONNECTION]: Operation successfull
20:52:23.470 (WORKER 7) [CLOSE CONNECTION]: Operation successfull
20:52:23.470 (WORKER 7) [CLOSE CONNECTION]: Operation successfull
20:52:23.470 (WORKER 7) [CLOSE CONNECTION]: Operation successfull
20:52:23.470 (WORKER 7) [CLOSE CONNECTION]: Operation successfull
20:52:23.470 (WORKER 7) [CLOSE CONNECTION]: Operation successfull
20:52:23.470 (WORKER 7) [CLOSE CONNECTION]: Operation successfull
20:52:23.471 (WORKER 7) [CLOSE CONNECTION]: Operation successfull
20:52:23.471 (WORKER 7) [CLOSE CONNECTION]: Operation successfull
20:52:23.471 (WORKER 7) [CLOSE CONNECTION]: Operation successfull
20:52:23.471 (WORKER 7) [CLOSE CONNECTION]: Operation successfull
20:52:23.471 (WORKER 7) [CLOSE CONNECTION]: Operation successfull
20:52:23.471 (WORKER 7) [CLOSE CONNECTION]: Operation successfull
20:52:23.471 (WORKER 7) [CLOSE CONNECTION]: Operation successfull
20:52:23.471 (WORKER 7) [CLOSE CONNECTION]: Operation successfull
20:52:23.471 (WORKER 7) [CLOSE CONNECTION]: Operation successfull
20:52:23.471 (WORKER 7) [CLOSE CONNECTION]: Operation successfull
20:52:23.472 (WORKER 7) [CLOSE CONNECTION]: Operation successfull
20:52:23.472 (WORKER 7) [CLOSE CONNECTION]: Operation successfull
20:52:23.472 (WORKER 7) [CLOSE CONNECTION]: Operation successfull
20:52:23.472 (WORKER 7) [CLOSE CONNECTION]: Operation successfull
20:52:23.472 (WORKER 7) [CLOSE CONNECTION]: Operation successfull
20:52:23.472 (WORKER 7) [CLOSE CONNECTION]: Operation successfull
20:52:23.470 (WORKER 6) [CLOSE CONNECTION]: Operation successfull
20:52:23.470 (WORKER 0) [CLOSE CONNECTION]: Operation successfull
20:52:23.470 (WORKER 4) [CLOSE CONNECTION]: Operation successfull
20:52:23.470 (WORKER 5) [CLOSE CONNECTION]: Operation successfull
20:52:23.470 (WORKER 2) [CLOSE CONNECTION]: Operation successfull
20:52:23.470 (WORKER 1) [CLOSE CONNECTION]: Operation successfull
20:52:23.494 (WORKER 0) [CLOSE FILE]: Operation successfull
20:52:23.503 (WORKER 0) [OPEN FILE]: Operation successfull
20:52:23.506 (WORKER 0) [CLOSE FILE]: Operation successfull
20:52:23.512 (WORKER 0) [CLOSE FILE]: Operation successfull
20:52:23.512 (WORKER 0) [CLOSE FILE]: Operation successfull
20:52:23.512 (WORKER 0) [CLOSE FILE]: Operation successfull
20:52:23.512 (WORKER 0) [READ FILE]: Operation successfull
20:52:23.513 (WORKER 0) [OPEN FILE]: Operation successfull
20:52:23.513 (WORKER 0) [CLOSE FILE]: Operation successfull
20:52:23.513 (WORKER 0) [CLOSE FILE]: Operation successfull
20:52:23.513 (WORKER 0) [OPEN FILE]: Operation successfull
20:52:23.513 (WORKER 0) [OPEN FILE]: Operation successfull
20:52:23.513 (WORKER 0) [CLOSE FILE]: Operation successfull
20:52:23.514 (WORKER 0) [CLOSE FILE]: Operation successfull
20:52:23.514 (WORKER 0) [CLOSE FILE]: Operation successfull
20:52:23.514 (WORKER 0) [CLOSE FILE]: Operation successfull
20:52:23.514 (WORKER 0) [CLOSE FILE]: Operation successfull
20:52:23.514 (WORKER 0) [CLOSE FILE]: Operation successfull
20:52:23.514 (WORKER 0) [CLOSE FILE]: Operation successfull
20:52:23.515 (WORKER 0) [CLOSE FILE]: Operation successfull
20:52:23.515 (WORKER 0) [CLOSE FILE]: Operation successfull
20:52:23.515 (WORKER 0) [CLOSE FILE]: Operation successfull
20:52:23.515 (WORKER 0) [CLOSE FILE]: Operation successfull
20:52:23.515 (WORKER 0) [CLOSE FILE]: Operation successfull
20:52:23.515 (WORKER 0) [CLOSE FILE]: Operation successfull
20:52:23.515 (WORKER 0) [CLOSE FILE]: Operation successfull
20:52:23.516 (WORKER 0) [CLOSE FILE]: Operation successfull
20:52:23.516 (WORKER 0) [CLOSE FILE]: Operation successfull
20:52:23.516 (WORKER 0) [CLOSE FILE]: Operation successfull
20:52:23.516 (WORKER 0) [CLOSE FILE]: Operation successfull
20:52:23.516 (WORKER 0) [CLOSE FILE]: Operation successfull
20:52:23.516 (WORKER 0) [OPEN FILE]: Operation successfull
20:52:23.516 (WORKER 0) [OPEN FILE]: Operation successfull
20:52:23.516 (WORKER 0) [OPEN FILE]: Operation successfull
20:52:23.516 (WORKER 0) [OPEN FILE]: Operation successfull
20:52:23.517 (WORKER 0) [READ FILE]: Operation successfull
20:52:23.517 (WORKER 0) [READ FILE]: Operation successfull
20:52:23.517 (WORKER 0) [READ FILE]: Operation successfull
20:52:23.517 (WORKER 0) [READ FILE]: Operation successfull
20:52:23.517 (WORKER 0) [READ FILE]: Operation successfull
20:52:23.517 (WORKER 0) [OPEN FILE]: Operation successfull
20:52:23.517 (WORKER 0) [OPEN FILE]: Operation successfull
20:52:23.517 (WORKER 0) [OPEN FILE]: Operation successfull
20:52:23.517 (WORKER 0) [OPEN FILE]: Operation successfull
20:52:23.518 (WORKER 0) [OPEN FILE]: Operation successfull
20:52:23.518 (WORKER 0) [OPEN FILE]: Operation successfull
20:52:23.518 (WORKER 0) [OPEN FILE]: Operation successfull
20:52:23.518 (WORKER 0) [OPEN FILE]: Operation successfull
20:52:23.518 (WORKER 0) [OPEN CONNECTION]: Operation successfull
20:52:23.518 (WORKER 0) [OPEN CONNECTION]: Operation successfull
20:52:23.518 (WORKER 0) [OPEN CONNECTION]: Operation successfull
20:52:23.518 (WORKER 0) [OPEN CONNECTION]: Operation successfull
20:52:23.518 (WORKER 0) [OPEN CONNECTION]: Operation successfull
20:52:23.518 (WORKER 0) [OPEN CONNECTION]: Operation successfull
20:52:23.519 (WORKER 0) [OPEN CONNECTION]: Operation successfull
20:52:23.519 (WORKER 0) [OPEN CONNECTION]: Operation successfull
20:52:23.519 (WORKER 0) [OPEN CONNECTION]: Operation successfull
20:52:23.519 (WORKER 0) [OPEN CONNECTION]: Operation successfull
20:52:23.519 (WORKER 0) [OPEN CONNECTION]: Operation successfull
20:52:23.519 (WORKER 0) [OPEN CONNECTION]: Operation successfull
20:52:23.519 (WORKER 0) [OPEN CONNECTION]: Operation successfull
20:52:23.519 (WORKER 0) [OPEN CONNECTION]: Operation successfull
20:52:23.519 (WORKER 0) [OPEN CONNECTION]: Operation successfull
20:52:23.519 (WORKER 0) [OPEN CONNECTION]: Operation successfull
20:52:23.520 (WORKER 0) [OPEN CONNECTION]: Operation successfull
20:52:23.520 (WORKER 0) [OPEN CONNECTION]: Operation successfull
20:52:23.520 (WORKER 0) [OPEN CONNECTION]: Operation successfull
20:52:23.520 (WORKER 0) [OPEN FILE]: Operation successfull
20:52:23.520 (WORKER 0) [OPEN CONNECTION]: Operation successfull
20:52:23.520 (WORKER 0) [CLOSE FILE]: Operation successfull
20:52:23.520 (WORKER 0) [OPEN FILE]: File already exists
20:52:23.520 (WORKER 0) [OPEN FILE]: File already exists
20:52:23.520 (WORKER 0) [OPEN FILE]: File already exists
20:52:23.520 (WORKER 0) [OPEN FILE]: File already exists
20:52:23.521 (WORKER 0) [OPEN FILE]: File already exists
20:52:23.521 (WORKER 0) [OPEN FILE]: File already exists
20:52:23.521 (WORKER 0) [OPEN FILE]: File already exists
20:52:23.521 (WORKER 0) [OPEN FILE]: File already exists
20:52:23.521 (WORKER 0) [OPEN FILE]: File already exists
20:52:23.521 (WORKER 0) [OPEN FILE]: File already exists
20:52:23.414 20:52:23.494 (WORKER 4) [READ FILE]: Operation successfull
20:52:23.522 (WORKER 4) [OPEN FILE]: File already exists
20:52:23.522 (WORKER 4) [OPEN FILE]: File already exists
20:52:23.522 (WORKER 4) [OPEN FILE]: File already exists
20:52:23.522 (WORKER 4) [OPEN FILE]: File already exists
20:52:23.522 (WORKER 4) [OPEN FILE]: File already exists
20:52:23.522 (WORKER 4) [READ FILE]: Operation successfull
20:52:23.522 (WORKER 4) [CLOSE FILE]: Operation successfull
20:52:23.522 (WORKER 4) [CLOSE FILE]: Operation successfull
20:52:23.522 (WORKER 4) [CLOSE FILE]: Operation successfull
20:52:23.522 (WORKER 4) [CLOSE FILE]: Operation successfull
20:52:23.522 (WORKER 4) [CLOSE FILE]: Operation successfull
20:52:23.523 (WORKER 4) [READ FILE]: Operation successfull
20:52:23.523 (WORKER 4) [CLOSE FILE]: Operation successfull
20:52:23.523 (WORKER 4) [CLOSE FILE]: Operation successfull
20:52:23.523 (WORKER 4) [READ FILE]: Operation successfull
20:52:23.523 (WORKER 4) [READ FILE]: Operation successfull
20:52:23.523 (WORKER 4) [OPEN FILE]: Operation successfull
20:52:23.494 (WORKER 6) [OPEN FILE]: File already exists
20:52:23.494 (WORKER 1) [READ FILE]: Operation successfull
20:52:23.494 (WORKER 5) [READ FILE]: Operation successfull
20:52:23.494 (WORKER 2) [READ FILE]: Operation successfull
20:52:23.495 (WORKER 7) [CLOSE FILE]: Operation successfull
20:52:23.524 (WORKER 6) [CLOSE FILE]: Operation successfull
20:52:23.524 (WORKER 4) [OPEN FILE]: Operation successfull
20:52:23.524 (WORKER 1) [OPEN FILE]: Operation successfull
20:52:23.524 (WORKER 5) [CLOSE FILE]: Operation successfull
(WORKER 3) [OPEN FILE]: Operation successfull
20:52:23.524 (WORKER 2) [READ FILE]: Operation successfull
20:52:23.521 (WORKER 0) [OPEN FILE]: File already exists
20:52:23.579 (WORKER 7) [OPEN CONNECTION]: Operation successfull
20:52:24.026 Received immediate shutdown signal
